2024-11-14 09:36:04,039 [INFO] Activator:176 - 


2024-11-14 09:36:04,049 [INFO] Activator:177 - !SESSION log4j initialized
2024-11-14 09:36:06,019 [INFO] LogOutputStream:77 - [STDOUT_REDIRECT] 
2024-11-14 09:36:07,131 [INFO] ApplicationProperties:184 - Using Application install path: C:\ST\STM32CubeIDE_1.14.1\STM32CubeIDE\plugins\com.st.stm32cube.common.mx_6.10.0.202311202037
2024-11-14 09:36:07,143 [INFO] DbMcusXml:78 - Set database path to: C:\ST\STM32CubeIDE_1.14.1\STM32CubeIDE\plugins\com.st.stm32cube.common.mx_6.10.0.202311202037\\db\/mcu/
2024-11-14 09:36:07,143 [INFO] ApiDb:274 - Set plugin database path to: C:\ST\STM32CubeIDE_1.14.1\STM32CubeIDE\plugins\com.st.stm32cube.common.mx_6.10.0.202311202037\\db\/plugins/boardmanager/
2024-11-14 09:36:07,143 [WARN] ApiDb:259 - Overriding images path with different value:  => C:\ST\STM32CubeIDE_1.14.1\STM32CubeIDE\plugins\com.st.stm32cube.common.mx_6.10.0.202311202037\\db\/plugins/mcufinder/images/
2024-11-14 09:36:07,148 [INFO] ApiDb:250 - Set database path to: C:\Users\user\.stmcufinder\plugins\mcufinder//mcu/
2024-11-14 09:36:07,149 [INFO] DbMcusAds:125 - Set database path to: C:\Users\user\.stmcufinder\plugins\mcufinder//mcu/
2024-11-14 09:36:07,150 [INFO] CrossReferenceDbSqlite:203 - Set database path to: C:\Users\user\.stmcufinder\plugins\mcufinder//mcu/cs/
2024-11-14 09:36:07,215 [INFO] RulesReader:64 - Compatibility file has been processed (297 Rules)
2024-11-14 09:36:07,269 [INFO] DbMcusXml:78 - Set database path to: C:\ST\STM32CubeIDE_1.14.1\STM32CubeIDE\plugins\com.st.stm32cube.common.mx_6.10.0.202311202037\\db\/mcu/
2024-11-14 09:36:07,269 [INFO] ApiDb:274 - Set plugin database path to: C:\ST\STM32CubeIDE_1.14.1\STM32CubeIDE\plugins\com.st.stm32cube.common.mx_6.10.0.202311202037\\db\/plugins/boardmanager/
2024-11-14 09:36:07,269 [INFO] ApiDb:261 - Set plugin images path to: C:\ST\STM32CubeIDE_1.14.1\STM32CubeIDE\plugins\com.st.stm32cube.common.mx_6.10.0.202311202037\\db\/plugins/mcufinder/images/
2024-11-14 09:36:07,269 [WARN] DbFile:41 - Overriding database path with different value: C:\Users\user\.stmcufinder\plugins\mcufinder/ => C:\Users\user\.stmcufinder\plugins\mcufinder
2024-11-14 09:36:07,269 [INFO] ApiDb:250 - Set database path to: C:\Users\user\.stmcufinder\plugins\mcufinder//mcu/
2024-11-14 09:36:07,269 [WARN] DbFile:41 - Overriding database path with different value: C:\Users\user\.stmcufinder\plugins\mcufinder/ => C:\Users\user\.stmcufinder\plugins\mcufinder
2024-11-14 09:36:07,269 [INFO] DbMcusAds:125 - Set database path to: C:\Users\user\.stmcufinder\plugins\mcufinder//mcu/
2024-11-14 09:36:07,269 [WARN] DbFile:41 - Overriding database path with different value: C:\Users\user\.stmcufinder\plugins\mcufinder/ => C:\Users\user\.stmcufinder\plugins\mcufinder
2024-11-14 09:36:07,269 [WARN] DbFile:41 - Overriding database path with different value: C:\Users\user\.stmcufinder\plugins\mcufinder/ => C:\Users\user\.stmcufinder\plugins\mcufinder
2024-11-14 09:36:07,270 [INFO] CrossReferenceDbSqlite:203 - Set database path to: C:\Users\user\.stmcufinder\plugins\mcufinder//mcu/cs/
2024-11-14 09:36:07,311 [INFO] MainPanel:264 - HeapMemory: 268435456
2024-11-14 09:36:07,360 [INFO] DbMcusXml:78 - Set database path to: C:\ST\STM32CubeIDE_1.14.1\STM32CubeIDE\plugins\com.st.stm32cube.common.mx_6.10.0.202311202037\\db\/mcu/
2024-11-14 09:36:07,360 [INFO] ApiDb:274 - Set plugin database path to: C:\ST\STM32CubeIDE_1.14.1\STM32CubeIDE\plugins\com.st.stm32cube.common.mx_6.10.0.202311202037\\db\/plugins/boardmanager/
2024-11-14 09:36:07,360 [INFO] ApiDb:261 - Set plugin images path to: C:\ST\STM32CubeIDE_1.14.1\STM32CubeIDE\plugins\com.st.stm32cube.common.mx_6.10.0.202311202037\\db\/plugins/mcufinder/images/
2024-11-14 09:36:07,360 [WARN] DbFile:41 - Overriding database path with different value: C:\Users\user\.stmcufinder\plugins\mcufinder/ => C:\Users\user\.stmcufinder\plugins\mcufinder
2024-11-14 09:36:07,361 [INFO] ApiDb:250 - Set database path to: C:\Users\user\.stmcufinder\plugins\mcufinder//mcu/
2024-11-14 09:36:07,361 [WARN] DbFile:41 - Overriding database path with different value: C:\Users\user\.stmcufinder\plugins\mcufinder/ => C:\Users\user\.stmcufinder\plugins\mcufinder
2024-11-14 09:36:07,361 [INFO] DbMcusAds:125 - Set database path to: C:\Users\user\.stmcufinder\plugins\mcufinder//mcu/
2024-11-14 09:36:07,361 [WARN] DbFile:41 - Overriding database path with different value: C:\Users\user\.stmcufinder\plugins\mcufinder/ => C:\Users\user\.stmcufinder\plugins\mcufinder
2024-11-14 09:36:07,361 [WARN] DbFile:41 - Overriding database path with different value: C:\Users\user\.stmcufinder\plugins\mcufinder/ => C:\Users\user\.stmcufinder\plugins\mcufinder
2024-11-14 09:36:07,361 [INFO] CrossReferenceDbSqlite:203 - Set database path to: C:\Users\user\.stmcufinder\plugins\mcufinder//mcu/cs/
2024-11-14 09:36:07,372 [INFO] ApplicationProperties:184 - Using Application install path: C:\ST\STM32CubeIDE_1.14.1\STM32CubeIDE\plugins\com.st.stm32cube.common.mx_6.10.0.202311202037
2024-11-14 09:36:07,372 [INFO] PluginManage:196 - Search for loadable plugins [exclusion list=, ]
2024-11-14 09:36:07,374 [INFO] PluginManage:310 - Check plugin analytics
2024-11-14 09:36:07,486 [INFO] AnalyticsPlugin:253 - Accepted Software Licenses: 
2024-11-14 09:36:07,487 [INFO] AnalyticsPlugin:255 - Accepted CMSIS Pack Licenses: 
2024-11-14 09:36:07,487 [INFO] AnalyticsPlugin:257 - Accepted Firmware Licenses: 
2024-11-14 09:36:07,488 [INFO] PluginManage:359 - Loaded plugin analytics (category:tool,tabindex:-1)
2024-11-14 09:36:07,488 [INFO] PluginManage:310 - Check plugin cadmodel
2024-11-14 09:36:07,493 [INFO] CADModel:105 - Init CAD model plugin
2024-11-14 09:36:07,493 [INFO] PluginManage:359 - Loaded plugin cadmodel (category:power,tabindex:5)
2024-11-14 09:36:07,493 [INFO] PluginManage:310 - Check plugin clock
2024-11-14 09:36:07,501 [INFO] PluginManage:359 - Loaded plugin clock (category:base,tabindex:2)
2024-11-14 09:36:07,501 [INFO] PluginManage:310 - Check plugin ddr
2024-11-14 09:36:07,503 [INFO] PluginManage:359 - Loaded plugin ddr (category:tool,tabindex:6)
2024-11-14 09:36:07,503 [INFO] PluginManage:310 - Check plugin filemanager
2024-11-14 09:36:07,625 [INFO] PluginManage:359 - Loaded plugin filemanager (category:base,tabindex:10)
2024-11-14 09:36:07,625 [INFO] PluginManage:310 - Check plugin ipmanager
2024-11-14 09:36:07,630 [INFO] PluginManage:359 - Loaded plugin ipmanager (category:base,tabindex:5)
2024-11-14 09:36:07,631 [INFO] PluginManage:310 - Check plugin lpbam
2024-11-14 09:36:07,635 [INFO] PluginManage:359 - Loaded plugin lpbam (category:base,tabindex:0)
2024-11-14 09:36:07,635 [INFO] PluginManage:310 - Check plugin memorymap
2024-11-14 09:36:07,645 [INFO] PluginManage:359 - Loaded plugin memorymap (category:base,tabindex:4)
2024-11-14 09:36:07,645 [INFO] PluginManage:310 - Check plugin pinoutandconfiguration
2024-11-14 09:36:07,652 [INFO] PluginManage:359 - Loaded plugin pinoutandconfiguration (category:base,tabindex:1)
2024-11-14 09:36:07,652 [INFO] PluginManage:310 - Check plugin pinoutconfig
2024-11-14 09:36:07,706 [WARN] SupportedApi:132 - Cannot load RTOS API schema: s4s-elt-must-match.1: The content of 'definitions' must match (annotation?, (simpleType | complexType)?, (unique | key | keyref)*)). A problem was found starting at: attribute.
2024-11-14 09:36:07,781 [INFO] PluginManage:359 - Loaded plugin pinoutconfig (category:base,tabindex:0)
2024-11-14 09:36:07,781 [INFO] PluginManage:310 - Check plugin power
2024-11-14 09:36:07,787 [INFO] PluginManage:359 - Loaded plugin power (category:power,tabindex:4)
2024-11-14 09:36:07,787 [INFO] PluginManage:310 - Check plugin projectmanager
2024-11-14 09:36:07,797 [INFO] PluginManage:359 - Loaded plugin projectmanager (category:projectmanager,tabindex:3)
2024-11-14 09:36:07,797 [INFO] PluginManage:310 - Check plugin thirdparty
2024-11-14 09:36:07,867 [INFO] PluginManage:359 - Loaded plugin thirdparty (category:base,tabindex:-1)
2024-11-14 09:36:07,867 [INFO] PluginManage:310 - Check plugin tools
2024-11-14 09:36:07,867 [WARN] IntegrityCheckThread:84 - waiting for thirdparty lock release [integrity check]
2024-11-14 09:36:07,868 [INFO] IntegrityCheckThread:86 - entering critical section [integrity check]
2024-11-14 09:36:07,868 [INFO] ThirdPartyUpdaterWithRetryManager:70 - Updater plugin not ready yet. [1/15]
2024-11-14 09:36:07,869 [INFO] PluginManage:359 - Loaded plugin tools (category:base,tabindex:7)
2024-11-14 09:36:07,869 [INFO] PluginManage:310 - Check plugin tutovideos
2024-11-14 09:36:07,958 [INFO] PluginManage:359 - Loaded plugin tutovideos (category:base,tabindex:-1)
2024-11-14 09:36:07,958 [INFO] PluginManage:310 - Check plugin updater
2024-11-14 09:36:07,966 [INFO] PluginManage:359 - Loaded plugin updater (category:base,tabindex:12)
2024-11-14 09:36:07,966 [INFO] PluginManage:310 - Check plugin userauth
2024-11-14 09:36:07,968 [INFO] UserAuth:114 - Init User Auth plugin
2024-11-14 09:36:07,968 [INFO] PluginManage:359 - Loaded plugin userauth (category:base,tabindex:14)
2024-11-14 09:36:07,968 [INFO] PluginManage:283 - PluginManage : Loaded plugins [17]
2024-11-14 09:36:08,111 [INFO] PinOutPanel:1499 - setPackage(No Configuration,No Configuration)
2024-11-14 09:36:08,151 [INFO] CADModel:165 - CPN selected for project level
2024-11-14 09:36:08,151 [INFO] CADModel:114 - Register for checkConnection events
2024-11-14 09:36:08,159 [INFO] IPUIPlugin:80 - create IPUIPlugin
2024-11-14 09:36:08,159 [INFO] PluginManager:220 - loadIPPluginJar : add adc
2024-11-14 09:36:08,160 [INFO] IPUIPlugin:80 - create IPUIPlugin
2024-11-14 09:36:08,161 [INFO] PluginManager:220 - loadIPPluginJar : add aes
2024-11-14 09:36:08,163 [INFO] IPUIPlugin:80 - create IPUIPlugin
2024-11-14 09:36:08,163 [INFO] PluginManager:220 - loadIPPluginJar : add can
2024-11-14 09:36:08,163 [INFO] IPUIPlugin:80 - create IPUIPlugin
2024-11-14 09:36:08,163 [INFO] PluginManager:220 - loadIPPluginJar : add comp
2024-11-14 09:36:08,164 [INFO] IPUIPlugin:80 - create IPUIPlugin
2024-11-14 09:36:08,164 [INFO] PluginManager:220 - loadIPPluginJar : add cryp
2024-11-14 09:36:08,166 [INFO] IPUIPlugin:80 - create IPUIPlugin
2024-11-14 09:36:08,166 [INFO] PluginManager:220 - loadIPPluginJar : add dfsdm
2024-11-14 09:36:08,169 [INFO] IPUIPlugin:80 - create IPUIPlugin
2024-11-14 09:36:08,169 [INFO] PluginManager:220 - loadIPPluginJar : add dma
2024-11-14 09:36:08,170 [INFO] IPUIPlugin:80 - create IPUIPlugin
2024-11-14 09:36:08,170 [INFO] PluginManager:220 - loadIPPluginJar : add dma3
2024-11-14 09:36:08,171 [INFO] IPUIPlugin:80 - create IPUIPlugin
2024-11-14 09:36:08,171 [INFO] PluginManager:220 - loadIPPluginJar : add fatfs
2024-11-14 09:36:08,173 [INFO] IPUIPlugin:80 - create IPUIPlugin
2024-11-14 09:36:08,173 [INFO] PluginManager:220 - loadIPPluginJar : add fmc
2024-11-14 09:36:08,176 [INFO] IPUIPlugin:80 - create IPUIPlugin
2024-11-14 09:36:08,176 [INFO] PluginManager:220 - loadIPPluginJar : add freertos
2024-11-14 09:36:08,177 [INFO] IPUIPlugin:80 - create IPUIPlugin
2024-11-14 09:36:08,177 [INFO] PluginManager:220 - loadIPPluginJar : add genericplugin
2024-11-14 09:36:08,178 [INFO] IPUIPlugin:80 - create IPUIPlugin
2024-11-14 09:36:08,179 [INFO] PluginManager:220 - loadIPPluginJar : add gfxmmu
2024-11-14 09:36:08,181 [INFO] IPUIPlugin:80 - create IPUIPlugin
2024-11-14 09:36:08,181 [INFO] PluginManager:220 - loadIPPluginJar : add gic
2024-11-14 09:36:08,183 [INFO] IPUIPlugin:80 - create IPUIPlugin
2024-11-14 09:36:08,183 [INFO] PluginManager:220 - loadIPPluginJar : add gpio
2024-11-14 09:36:08,185 [INFO] IPUIPlugin:80 - create IPUIPlugin
2024-11-14 09:36:08,185 [INFO] PluginManager:220 - loadIPPluginJar : add gtzc
2024-11-14 09:36:08,187 [INFO] IPUIPlugin:80 - create IPUIPlugin
2024-11-14 09:36:08,187 [INFO] PluginManager:220 - loadIPPluginJar : add hash
2024-11-14 09:36:08,188 [INFO] IPUIPlugin:80 - create IPUIPlugin
2024-11-14 09:36:08,188 [INFO] PluginManager:220 - loadIPPluginJar : add i2c
2024-11-14 09:36:08,190 [INFO] IPUIPlugin:80 - create IPUIPlugin
2024-11-14 09:36:08,190 [INFO] PluginManager:220 - loadIPPluginJar : add i2s
2024-11-14 09:36:08,191 [INFO] IPUIPlugin:80 - create IPUIPlugin
2024-11-14 09:36:08,191 [INFO] PluginManager:220 - loadIPPluginJar : add i3c
2024-11-14 09:36:08,193 [INFO] IPUIPlugin:80 - create IPUIPlugin
2024-11-14 09:36:08,193 [INFO] PluginManager:220 - loadIPPluginJar : add ipddr
2024-11-14 09:36:08,197 [INFO] IPUIPlugin:80 - create IPUIPlugin
2024-11-14 09:36:08,197 [INFO] PluginManager:220 - loadIPPluginJar : add linkedlist
2024-11-14 09:36:08,199 [INFO] IPUIPlugin:80 - create IPUIPlugin
2024-11-14 09:36:08,199 [INFO] PluginManager:220 - loadIPPluginJar : add lorawan
2024-11-14 09:36:08,200 [INFO] IPUIPlugin:80 - create IPUIPlugin
2024-11-14 09:36:08,200 [INFO] PluginManager:220 - loadIPPluginJar : add ltdc
2024-11-14 09:36:08,202 [INFO] IPUIPlugin:80 - create IPUIPlugin
2024-11-14 09:36:08,203 [INFO] PluginManager:220 - loadIPPluginJar : add mdma
2024-11-14 09:36:08,205 [INFO] IPUIPlugin:80 - create IPUIPlugin
2024-11-14 09:36:08,205 [INFO] PluginManager:220 - loadIPPluginJar : add nvic
2024-11-14 09:36:08,207 [INFO] IPUIPlugin:80 - create IPUIPlugin
2024-11-14 09:36:08,207 [INFO] PluginManager:220 - loadIPPluginJar : add opamp
2024-11-14 09:36:08,209 [INFO] IPUIPlugin:80 - create IPUIPlugin
2024-11-14 09:36:08,209 [INFO] PluginManager:220 - loadIPPluginJar : add openamp
2024-11-14 09:36:08,211 [INFO] IPUIPlugin:80 - create IPUIPlugin
2024-11-14 09:36:08,211 [INFO] PluginManager:220 - loadIPPluginJar : add pdm2pcm
2024-11-14 09:36:08,214 [INFO] IPUIPlugin:80 - create IPUIPlugin
2024-11-14 09:36:08,215 [INFO] PluginManager:220 - loadIPPluginJar : add plateformsettings
2024-11-14 09:36:08,216 [INFO] IPUIPlugin:80 - create IPUIPlugin
2024-11-14 09:36:08,216 [INFO] PluginManager:220 - loadIPPluginJar : add quadspi
2024-11-14 09:36:08,218 [INFO] IPUIPlugin:80 - create IPUIPlugin
2024-11-14 09:36:08,218 [INFO] PluginManager:220 - loadIPPluginJar : add resmgrutility
2024-11-14 09:36:08,220 [INFO] IPUIPlugin:80 - create IPUIPlugin
2024-11-14 09:36:08,220 [INFO] PluginManager:220 - loadIPPluginJar : add sai
2024-11-14 09:36:08,221 [INFO] IPUIPlugin:80 - create IPUIPlugin
2024-11-14 09:36:08,222 [INFO] PluginManager:220 - loadIPPluginJar : add spi
2024-11-14 09:36:08,223 [INFO] IPUIPlugin:80 - create IPUIPlugin
2024-11-14 09:36:08,223 [INFO] PluginManager:220 - loadIPPluginJar : add stm32_wpan
2024-11-14 09:36:08,224 [INFO] IPUIPlugin:80 - create IPUIPlugin
2024-11-14 09:36:08,224 [INFO] PluginManager:220 - loadIPPluginJar : add tim
2024-11-14 09:36:08,226 [INFO] IPUIPlugin:80 - create IPUIPlugin
2024-11-14 09:36:08,226 [INFO] PluginManager:220 - loadIPPluginJar : add touchsensing
2024-11-14 09:36:08,227 [INFO] IPUIPlugin:80 - create IPUIPlugin
2024-11-14 09:36:08,227 [INFO] PluginManager:220 - loadIPPluginJar : add tracer_emb
2024-11-14 09:36:08,228 [INFO] IPUIPlugin:80 - create IPUIPlugin
2024-11-14 09:36:08,228 [INFO] PluginManager:220 - loadIPPluginJar : add ts
2024-11-14 09:36:08,229 [INFO] IPUIPlugin:80 - create IPUIPlugin
2024-11-14 09:36:08,229 [INFO] PluginManager:220 - loadIPPluginJar : add tsc
2024-11-14 09:36:08,230 [INFO] IPUIPlugin:80 - create IPUIPlugin
2024-11-14 09:36:08,231 [INFO] PluginManager:220 - loadIPPluginJar : add ucpd
2024-11-14 09:36:08,232 [INFO] IPUIPlugin:80 - create IPUIPlugin
2024-11-14 09:36:08,232 [INFO] PluginManager:220 - loadIPPluginJar : add usart
2024-11-14 09:36:08,234 [INFO] IPUIPlugin:80 - create IPUIPlugin
2024-11-14 09:36:08,234 [INFO] PluginManager:220 - loadIPPluginJar : add usbx
2024-11-14 09:36:08,338 [INFO] CADModel:165 - CPN selected for project level
2024-11-14 09:36:08,338 [INFO] CADModel:114 - Register for checkConnection events
2024-11-14 09:36:08,339 [FATAL] Updater:308 - Updater called before beeing initialized
2024-11-14 09:36:08,339 [ERROR] CADModel:125 - Updater not yet initialized, retry later 
2024-11-14 09:36:08,411 [INFO] CADModel:165 - CPN selected for project level
2024-11-14 09:36:08,411 [INFO] CADModel:114 - Register for checkConnection events
2024-11-14 09:36:08,411 [FATAL] Updater:308 - Updater called before beeing initialized
2024-11-14 09:36:08,411 [ERROR] CADModel:125 - Updater not yet initialized, retry later 
2024-11-14 09:36:08,413 [FATAL] Updater:308 - Updater called before beeing initialized
2024-11-14 09:36:08,466 [FATAL] Updater:308 - Updater called before beeing initialized
2024-11-14 09:36:08,468 [INFO] DbMcusAds:53 - JSON generation date=Fri Sep 20 22:04:38 KST 2024 (1726837478367)
2024-11-14 09:36:08,468 [FATAL] Updater:308 - Updater called before beeing initialized
2024-11-14 09:36:08,490 [WARN] DetailPanel:346 - Failed to get advertising image, set to default
2024-11-14 09:36:08,536 [FATAL] Updater:308 - Updater called before beeing initialized
2024-11-14 09:36:08,538 [FATAL] Updater:308 - Updater called before beeing initialized
2024-11-14 09:36:08,538 [FATAL] Updater:308 - Updater called before beeing initialized
2024-11-14 09:36:08,538 [WARN] DetailPanel:346 - Failed to get advertising image, set to default
2024-11-14 09:36:08,538 [FATAL] Updater:308 - Updater called before beeing initialized
2024-11-14 09:36:08,575 [ERROR] Updater:1120 - MainUpdater not yet initialized. External WinMGr cannot be set.
2024-11-14 09:36:08,577 [INFO] Updater:1056 - Updater Version found : 6.10.0
2024-11-14 09:36:08,588 [INFO] ApplicationProperties:184 - Using Application install path: C:\ST\STM32CubeIDE_1.14.1\STM32CubeIDE\plugins\com.st.stm32cube.common.mx_6.10.0.202311202037
2024-11-14 09:36:08,834 [INFO] MainUpdater:2873 - connection check result : 10
2024-11-14 09:36:08,834 [INFO] MainUpdater:290 - Updater Check For Update Now.
2024-11-14 09:36:08,835 [INFO] MicroXplorer:498 - Change Database Version : DB.6.0.100
2024-11-14 09:36:08,841 [INFO] McuFinderGlobals:63 - Set McuFinder mode to 2 (CubeIDE integrated)
2024-11-14 09:36:08,841 [INFO] UserAuth:180 - activating auth plugin
2024-11-14 09:36:08,843 [INFO] UserAuth:404 - Internet connection configuration mode: 1
2024-11-14 09:36:08,868 [INFO] JxBrowserEngine:152 - Initiate JxBrowser Engine with user profile folder
2024-11-14 09:36:08,997 [INFO] CheckServerUpdateThread:120 - End of CheckServer Thread
2024-11-14 09:36:09,444 [INFO] WebApp:161 - Instantiating new browser for Auth
2024-11-14 09:36:09,774 [INFO] WebApp:780 - Register for checkConnection events
2024-11-14 09:36:09,774 [INFO] WebApp:414 - Apply proxy settings
2024-11-14 09:36:09,774 [INFO] WebApp:499 - Chromium requires no authentication
2024-11-14 09:36:09,779 [INFO] WebApp:442 - Direct internet connection detected
2024-11-14 09:36:09,859 [INFO] WebApp:192 - Starting web application
2024-11-14 09:36:09,859 [INFO] WebApp:544 - Web application path used C:\ST\STM32CubeIDE_1.14.1\STM32CubeIDE\plugins\com.st.stm32cube.common.mx_6.10.0.202311202037\db\plugins\mcufinder\reactClient1\index.html
2024-11-14 09:36:10,957 [WARN] PackLoader:240 - Cannot read IP mode file for STMicroelectronics.X-CUBE-SMBUS.2.1.0
2024-11-14 09:36:10,974 [WARN] PackLoader:240 - Cannot read IP mode file for STMicroelectronics.X-CUBE-AZRTOS-F7.1.1.0
2024-11-14 09:36:10,983 [WARN] PackLoader:240 - Cannot read IP mode file for STMicroelectronics.FP-SNS-FLIGHT1.5.0.2
2024-11-14 09:36:10,991 [WARN] PackLoader:240 - Cannot read IP mode file for STMicroelectronics.X-CUBE-DISPLAY.3.0.0
2024-11-14 09:36:11,001 [WARN] PackLoader:240 - Cannot read IP mode file for STMicroelectronics.X-CUBE-BLE1.7.0.0
2024-11-14 09:36:11,006 [WARN] PackLoader:240 - Cannot read IP mode file for STMicroelectronics.FP-SNS-SMARTAG2.1.2.0
2024-11-14 09:36:11,014 [INFO] LogOutputStream:77 - [STDOUT_REDIRECT] 1 : Invalid condition id : UX_CORESTACK_Condition cause : null
2024-11-14 09:36:11,015 [INFO] LogOutputStream:77 - [STDOUT_REDIRECT] 1 : Invalid condition id : UX_CORESTACK_Condition cause : null
2024-11-14 09:36:11,015 [INFO] LogOutputStream:77 - [STDOUT_REDIRECT] 1 : Invalid condition id : UX_CORESTACK_Condition cause : null
2024-11-14 09:36:11,016 [INFO] LogOutputStream:77 - [STDOUT_REDIRECT] 1 : Invalid condition id : UX_CORESTACK_Condition cause : null
2024-11-14 09:36:11,017 [INFO] LogOutputStream:77 - [STDOUT_REDIRECT] 1 : Invalid condition id : UX_CORESTACK_Condition cause : null
2024-11-14 09:36:11,020 [WARN] PackLoader:240 - Cannot read IP mode file for STMicroelectronics.X-CUBE-AZRTOS-WL.2.0.0
2024-11-14 09:36:11,028 [WARN] PackLoader:240 - Cannot read IP mode file for WES.I-CUBE-Cesium.1.3.0
2024-11-14 09:36:11,032 [WARN] PackLoader:240 - Cannot read IP mode file for STMicroelectronics.X-CUBE-BLE2.3.3.0
2024-11-14 09:36:11,045 [WARN] PackLoader:240 - Cannot read IP mode file for STMicroelectronics.X-CUBE-AZRTOS-G0.1.1.0
2024-11-14 09:36:11,050 [WARN] PackLoader:240 - Cannot read IP mode file for STMicroelectronics.X-CUBE-NFC4.3.0.0
2024-11-14 09:36:11,059 [WARN] PackLoader:240 - Cannot read IP mode file for STMicroelectronics.FP-ATR-SIGFOX1.3.2.0
2024-11-14 09:36:11,094 [WARN] PackLoader:240 - Cannot read IP mode file for SEGGER.I-CUBE-embOS.1.3.1
2024-11-14 09:36:11,120 [WARN] PackLoader:240 - Cannot read IP mode file for STMicroelectronics.X-CUBE-AZRTOS-F4.1.1.0
2024-11-14 09:36:11,131 [WARN] PackLoader:240 - Cannot read IP mode file for STMicroelectronics.X-CUBE-AZRTOS-L5.2.0.0
2024-11-14 09:36:11,136 [WARN] PackLoader:240 - Cannot read IP mode file for STMicroelectronics.X-CUBE-NFC7.1.0.1
2024-11-14 09:36:11,145 [WARN] ConditionMgr:438 - getConditionDescription Invalid condition id : LAN8742 Phy interface Condition cause : null
2024-11-14 09:36:11,146 [WARN] PackLoader:240 - Cannot read IP mode file for STMicroelectronics.X-CUBE-AZRTOS-L4.2.0.0
2024-11-14 09:36:11,147 [WARN] ConditionMgr:1039 - genDependencies : Invalid condition id : LAN8742 Phy interface Condition cause : null
2024-11-14 09:36:11,147 [WARN] ConditionMgr:1039 - genDependencies : Invalid condition id : LAN8742 Phy interface Condition cause : null
2024-11-14 09:36:11,147 [WARN] ConditionMgr:1039 - genDependencies : Invalid condition id : LAN8742 Phy interface Condition cause : null
2024-11-14 09:36:11,152 [WARN] PackLoader:240 - Cannot read IP mode file for STMicroelectronics.X-CUBE-SFXS2LP1.4.0.0
2024-11-14 09:36:11,161 [WARN] ConditionMgr:438 - getConditionDescription Invalid condition id : UX DEVICE CLASS RTOS Condition cause : null
2024-11-14 09:36:11,161 [WARN] ConditionMgr:438 - getConditionDescription Invalid condition id : UX DEVICE CLASS RTOS Condition cause : null
2024-11-14 09:36:11,162 [WARN] PackLoader:240 - Cannot read IP mode file for STMicroelectronics.X-CUBE-AZRTOS-WB.2.0.0
2024-11-14 09:36:11,163 [WARN] ConditionMgr:1039 - genDependencies : Invalid condition id : UX DEVICE CLASS RTOS Condition cause : null
2024-11-14 09:36:11,163 [WARN] ConditionMgr:1039 - genDependencies : Invalid condition id : UX DEVICE CLASS RTOS Condition cause : null
2024-11-14 09:36:11,163 [WARN] ConditionMgr:1039 - genDependencies : Invalid condition id : UX DEVICE CLASS RTOS Condition cause : null
2024-11-14 09:36:11,163 [WARN] ConditionMgr:1039 - genDependencies : Invalid condition id : UX DEVICE CLASS RTOS Condition cause : null
2024-11-14 09:36:11,163 [WARN] ConditionMgr:1039 - genDependencies : Invalid condition id : UX DEVICE CLASS RTOS Condition cause : null
2024-11-14 09:36:11,170 [WARN] PackLoader:240 - Cannot read IP mode file for STMicroelectronics.X-CUBE-SUBG2.5.0.0
2024-11-14 09:36:11,181 [WARN] PackLoader:240 - Cannot read IP mode file for STMicroelectronics.X-CUBE-AZRTOS-G4.2.0.0
2024-11-14 09:36:11,186 [WARN] PackLoader:240 - Cannot read IP mode file for portGmbH.I-Cube-SoM-uGOAL.1.1.0
2024-11-14 09:36:11,187 [INFO] ThirdParty:978 - Integrity check success = true
2024-11-14 09:36:11,187 [INFO] IntegrityCheckThread:100 - exiting critical section [integrity check]
2024-11-14 09:36:11,187 [INFO] IntegrityCheckThread:103 - End integrity checks thread
2024-11-14 09:36:30,251 [ERROR] LogOutputStream:75 - [STDERR_REDIRECT] SLF4J: Failed to load class "org.slf4j.impl.StaticLoggerBinder".
2024-11-14 09:36:30,251 [ERROR] LogOutputStream:75 - [STDERR_REDIRECT] SLF4J: Defaulting to no-operation (NOP) logger implementation
2024-11-14 09:36:30,252 [ERROR] LogOutputStream:75 - [STDERR_REDIRECT] SLF4J: See http://www.slf4j.org/codes.html#StaticLoggerBinder for further details.
2024-11-14 09:37:41,710 [INFO] McuFinderGlobals:63 - Set McuFinder mode to 2 (CubeIDE integrated)
2024-11-14 09:37:41,714 [INFO] MainUpdater:2873 - connection check result : 10
2024-11-14 09:37:41,715 [INFO] MainUpdater:2873 - connection check result : 10
2024-11-14 09:37:41,736 [INFO] MicroXplorer:468 - Change Database Path : 
2024-11-14 09:37:41,737 [INFO] MicroXplorer:498 - Change Database Version : DB.6.0.100
2024-11-14 09:37:41,743 [WARN] ThirdParty:871 - waiting for thirdparty lock release [close project]
2024-11-14 09:37:41,743 [INFO] ThirdParty:873 - entering critical section [close project]
2024-11-14 09:37:41,744 [INFO] ThirdParty:883 - exiting critical section [close project]
2024-11-14 09:37:41,748 [INFO] PinOutPanel:1499 - setPackage(No Configuration,No Configuration)
2024-11-14 09:37:41,751 [INFO] UtilMem:75 - Begin LoadConfig() Used Memory: 536691592 Bytes (802160640)
2024-11-14 09:37:41,752 [INFO] MicroXplorer:468 - Change Database Path : 
2024-11-14 09:37:41,752 [INFO] MicroXplorer:498 - Change Database Version : DB.6.0.100
2024-11-14 09:37:41,752 [INFO] OpenFileManager:312 - Change cursor
2024-11-14 09:37:41,764 [INFO] Mcu:2016 - Initializing MCU STM32F411R(C-E)Tx STM32F411RETx STM32F411RET6
2024-11-14 09:37:42,341 [INFO] Context:659 - Trying to add GPIOservice into a context  which must be forbidden
2024-11-14 09:37:42,551 [WARN] ModelIntegratedComponent:63 - No mode defined for component null
2024-11-14 09:37:42,551 [WARN] ModelIntegratedComponent:63 - No mode defined for component null
2024-11-14 09:37:42,551 [WARN] ModelIntegratedComponent:63 - No mode defined for component null
2024-11-14 09:37:42,551 [WARN] ModelIntegratedComponent:63 - No mode defined for component null
2024-11-14 09:37:42,551 [WARN] ModelIntegratedComponent:63 - No mode defined for component null
2024-11-14 09:37:42,551 [WARN] ModelIntegratedComponent:63 - No mode defined for component null
2024-11-14 09:37:42,551 [WARN] ModelIntegratedComponent:63 - No mode defined for component null
2024-11-14 09:37:42,552 [WARN] ModelIntegratedComponent:63 - No mode defined for component null
2024-11-14 09:37:42,552 [WARN] ModelIntegratedComponent:63 - No mode defined for component null
2024-11-14 09:37:42,552 [WARN] ModelIntegratedComponent:63 - No mode defined for component null
2024-11-14 09:37:42,552 [WARN] ModelIntegratedComponent:63 - No mode defined for component null
2024-11-14 09:37:42,552 [WARN] ModelIntegratedComponent:63 - No mode defined for component null
2024-11-14 09:37:42,552 [WARN] ModelIntegratedComponent:63 - No mode defined for component null
2024-11-14 09:37:42,552 [WARN] ModelIntegratedComponent:63 - No mode defined for component null
2024-11-14 09:37:42,552 [WARN] ModelIntegratedComponent:63 - No mode defined for component null
2024-11-14 09:37:42,552 [WARN] ModelIntegratedComponent:63 - No mode defined for component null
2024-11-14 09:37:42,552 [WARN] ModelIntegratedComponent:63 - No mode defined for component null
2024-11-14 09:37:42,552 [WARN] ModelIntegratedComponent:63 - No mode defined for component null
2024-11-14 09:37:42,552 [WARN] ModelIntegratedComponent:63 - No mode defined for component null
2024-11-14 09:37:42,552 [WARN] ModelIntegratedComponent:63 - No mode defined for component null
2024-11-14 09:37:42,552 [WARN] ModelIntegratedComponent:63 - No mode defined for component null
2024-11-14 09:37:42,552 [WARN] ModelIntegratedComponent:63 - No mode defined for component null
2024-11-14 09:37:42,552 [WARN] ModelIntegratedComponent:63 - No mode defined for component null
2024-11-14 09:37:42,552 [WARN] ModelIntegratedComponent:63 - No mode defined for component null
2024-11-14 09:37:42,552 [WARN] ModelIntegratedComponent:63 - No mode defined for component null
2024-11-14 09:37:42,552 [WARN] ModelIntegratedComponent:63 - No mode defined for component null
2024-11-14 09:37:42,552 [WARN] ModelIntegratedComponent:63 - No mode defined for component null
2024-11-14 09:37:42,552 [WARN] ModelIntegratedComponent:63 - No mode defined for component null
2024-11-14 09:37:42,552 [WARN] ModelIntegratedComponent:63 - No mode defined for component null
2024-11-14 09:37:42,552 [WARN] ModelIntegratedComponent:63 - No mode defined for component null
2024-11-14 09:37:42,552 [WARN] ModelIntegratedComponent:63 - No mode defined for component null
2024-11-14 09:37:42,552 [WARN] ModelIntegratedComponent:63 - No mode defined for component null
2024-11-14 09:37:42,552 [WARN] ModelIntegratedComponent:63 - No mode defined for component null
2024-11-14 09:37:42,563 [INFO] RtosManager:555 - Registered RTOS mode: class=CMSIS, group=RTOS, mode=CMSIS_V1, owner=FREERTOS
2024-11-14 09:37:42,563 [INFO] RtosManager:555 - Registered RTOS mode: class=CMSIS, group=RTOS2, mode=CMSIS_V2, owner=FREERTOS
2024-11-14 09:37:42,563 [INFO] RtosManager:555 - Registered RTOS mode: class=RTOS, group=Core, mode=CMSIS_V1, owner=FREERTOS
2024-11-14 09:37:42,563 [INFO] RtosManager:555 - Registered RTOS mode: class=RTOS, group=Core, mode=CMSIS_V2, owner=FREERTOS
2024-11-14 09:37:42,563 [WARN] ModelIntegratedComponent:184 - Missing modes for component STMicroelectronics:FreeRTOS:0.0.1:STMicroelectronics:RTOS:FreeRTOS:Core:::10.2.0:
2024-11-14 09:37:42,564 [WARN] ModelIntegratedComponent:182 - Modes not found for component STMicroelectronics:USB_DEVICE:1.0.0:STMicroelectronics:USB::USB Device:Audio HS::1.0:USB_DEVICE_1_0_RESTRICTED_HS
2024-11-14 09:37:42,564 [WARN] ModelIntegratedComponent:188 - Modes not found for component STMicroelectronics:USB_DEVICE:1.0.0:STMicroelectronics:USB::USB Device:Audio HS::1.0:USB_DEVICE_1_0_RESTRICTED_HS
2024-11-14 09:37:42,564 [WARN] ModelIntegratedComponent:182 - Modes not found for component STMicroelectronics:USB_DEVICE:1.0.0:STMicroelectronics:USB::USB Device:CDC HS::1.0:USB_DEVICE_1_0_RESTRICTED_HS
2024-11-14 09:37:42,564 [WARN] ModelIntegratedComponent:188 - Modes not found for component STMicroelectronics:USB_DEVICE:1.0.0:STMicroelectronics:USB::USB Device:CDC HS::1.0:USB_DEVICE_1_0_RESTRICTED_HS
2024-11-14 09:37:42,564 [WARN] ModelIntegratedComponent:182 - Modes not found for component STMicroelectronics:USB_DEVICE:1.0.0:STMicroelectronics:USB::USB Device:DFU HS::1.0:USB_DEVICE_1_0_RESTRICTED_HS
2024-11-14 09:37:42,564 [WARN] ModelIntegratedComponent:188 - Modes not found for component STMicroelectronics:USB_DEVICE:1.0.0:STMicroelectronics:USB::USB Device:DFU HS::1.0:USB_DEVICE_1_0_RESTRICTED_HS
2024-11-14 09:37:42,564 [WARN] ModelIntegratedComponent:182 - Modes not found for component STMicroelectronics:USB_DEVICE:1.0.0:STMicroelectronics:USB::USB Device:HID HS::1.0:USB_DEVICE_1_0_RESTRICTED_HS
2024-11-14 09:37:42,564 [WARN] ModelIntegratedComponent:188 - Modes not found for component STMicroelectronics:USB_DEVICE:1.0.0:STMicroelectronics:USB::USB Device:HID HS::1.0:USB_DEVICE_1_0_RESTRICTED_HS
2024-11-14 09:37:42,565 [WARN] ModelIntegratedComponent:182 - Modes not found for component STMicroelectronics:USB_DEVICE:1.0.0:STMicroelectronics:USB::USB Device:Custom HID HS::1.0:USB_DEVICE_1_0_RESTRICTED_HS
2024-11-14 09:37:42,565 [WARN] ModelIntegratedComponent:188 - Modes not found for component STMicroelectronics:USB_DEVICE:1.0.0:STMicroelectronics:USB::USB Device:Custom HID HS::1.0:USB_DEVICE_1_0_RESTRICTED_HS
2024-11-14 09:37:42,565 [WARN] ModelIntegratedComponent:182 - Modes not found for component STMicroelectronics:USB_DEVICE:1.0.0:STMicroelectronics:USB::USB Device:MSC HS::1.0:USB_DEVICE_1_0_RESTRICTED_HS
2024-11-14 09:37:42,565 [WARN] ModelIntegratedComponent:188 - Modes not found for component STMicroelectronics:USB_DEVICE:1.0.0:STMicroelectronics:USB::USB Device:MSC HS::1.0:USB_DEVICE_1_0_RESTRICTED_HS
2024-11-14 09:37:42,569 [WARN] ModelIntegratedComponent:182 - Modes not found for component STMicroelectronics:USB_HOST:1.0.0:STMicroelectronics:USB::USB Host:Audio HS::1.0:USB_HOST_1_0_RESTRICTED_HS
2024-11-14 09:37:42,569 [WARN] ModelIntegratedComponent:188 - Modes not found for component STMicroelectronics:USB_HOST:1.0.0:STMicroelectronics:USB::USB Host:Audio HS::1.0:USB_HOST_1_0_RESTRICTED_HS
2024-11-14 09:37:42,569 [WARN] ModelIntegratedComponent:182 - Modes not found for component STMicroelectronics:USB_HOST:1.0.0:STMicroelectronics:USB::USB Host:CDC HS::1.0:USB_HOST_1_0_RESTRICTED_HS
2024-11-14 09:37:42,569 [WARN] ModelIntegratedComponent:188 - Modes not found for component STMicroelectronics:USB_HOST:1.0.0:STMicroelectronics:USB::USB Host:CDC HS::1.0:USB_HOST_1_0_RESTRICTED_HS
2024-11-14 09:37:42,569 [WARN] ModelIntegratedComponent:182 - Modes not found for component STMicroelectronics:USB_HOST:1.0.0:STMicroelectronics:USB::USB Host:MSC HS::1.0:USB_HOST_1_0_RESTRICTED_HS
2024-11-14 09:37:42,569 [WARN] ModelIntegratedComponent:188 - Modes not found for component STMicroelectronics:USB_HOST:1.0.0:STMicroelectronics:USB::USB Host:MSC HS::1.0:USB_HOST_1_0_RESTRICTED_HS
2024-11-14 09:37:42,569 [WARN] ModelIntegratedComponent:182 - Modes not found for component STMicroelectronics:USB_HOST:1.0.0:STMicroelectronics:USB::USB Host:HID HS::1.0:USB_HOST_1_0_RESTRICTED_HS
2024-11-14 09:37:42,569 [WARN] ModelIntegratedComponent:188 - Modes not found for component STMicroelectronics:USB_HOST:1.0.0:STMicroelectronics:USB::USB Host:HID HS::1.0:USB_HOST_1_0_RESTRICTED_HS
2024-11-14 09:37:42,569 [WARN] ModelIntegratedComponent:182 - Modes not found for component STMicroelectronics:USB_HOST:1.0.0:STMicroelectronics:USB::USB Host:MTP HS::1.0:USB_HOST_1_0_RESTRICTED_HS
2024-11-14 09:37:42,569 [WARN] ModelIntegratedComponent:188 - Modes not found for component STMicroelectronics:USB_HOST:1.0.0:STMicroelectronics:USB::USB Host:MTP HS::1.0:USB_HOST_1_0_RESTRICTED_HS
2024-11-14 09:37:42,573 [INFO] ThirdPartyModel:298 - Start build external matchings
2024-11-14 09:37:42,586 [INFO] ThirdPartyModel:316 - End build external matchings
2024-11-14 09:37:42,589 [INFO] ImportTextPane:194 - (OptionalMessage_ERROR) IP (RCC) : Parameter (48MHZClocksFreq_Value) has invalid value (84000000)
2024-11-14 09:37:42,590 [INFO] ImportTextPane:194 - (OptionalMessage_ERROR) IP (RCC) : Parameter (FLatency) has Id (AdvancedSettings) currently not set
2024-11-14 09:37:42,591 [INFO] ImportTextPane:194 - (OptionalMessage_ERROR) IP (RCC) : Parameter (RTCHSEDivFreq_Value) has invalid value (4000000)
2024-11-14 09:37:42,731 [INFO] UtilMem:75 - End LoadConfig() Used Memory: 501311984 Bytes (888143872)
2024-11-14 09:37:42,807 [INFO] ApiDb:581 - Connected to CubeFinder SQLite database (C:\Users\user\.stmcufinder\plugins\mcufinder\mcu\cube-finder-db.db)
2024-11-14 09:37:42,846 [INFO] ApiDb:668 - CubeFinder database Data Model version=2.1
2024-11-14 09:37:42,846 [INFO] ApiDb:669 - CubeFinder database Configuration version=3.0.39
2024-11-14 09:37:42,846 [INFO] ApiDb:670 - CubeFinder database generation date=2024-10-16 (1729006872)
2024-11-14 09:37:42,846 [INFO] ApiDb:671 - CubeFinder database FW Pack versions=[FP-ATR-ASTRA1_V2.0.0, FP-SNS-FLIGHT1_V5.0.2, FP-SNS-MOTENV1_V5.0.0, FP-SNS-MOTENVWB1_V1.4.0, FP-SNS-SMARTAG2_V1.2.0, FP-SNS-STBOX1_V2.0.0, STM32Cube_FW_C0_V1.2.0, STM32Cube_FW_F4_V1.28.1, STM32Cube_FW_F7_V1.17.2, STM32Cube_FW_G0_V1.6.2, STM32Cube_FW_G4_V1.6.0, STM32Cube_FW_H5_V1.3.0, STM32Cube_FW_H7RS_V1.1.0, STM32Cube_FW_H7_V1.11.2, STM32Cube_FW_L0_V1.12.2, STM32Cube_FW_L5_V1.5.1, STM32Cube_FW_U0_V1.1.0, STM32Cube_FW_U5_V1.6.0, STM32Cube_FW_WB0_V1.0.0, STM32Cube_FW_WBA_V1.4.1, STM32Cube_FW_WB_V1.20.0, STM32Cube_FW_WL_V1.3.0, X-CUBE-ALGOBUILD_V1.4.0, X-CUBE-ALS_V1.0.2, X-CUBE-AZRTOS-F4_V1.1.0, X-CUBE-AZRTOS-F7_V1.1.0, X-CUBE-AZRTOS-G0_V1.1.0, X-CUBE-AZRTOS-G4_V2.0.0, X-CUBE-AZRTOS-H7RS_V1.0.0, X-CUBE-AZRTOS-H7_V3.3.0, X-CUBE-AZRTOS-L4_V2.0.0, X-CUBE-AZRTOS-L5_V2.0.0, X-CUBE-AZRTOS-WB_V2.0.0, X-CUBE-AZRTOS-WL_V2.0.0, X-CUBE-BLE1_V7.0.0, X-CUBE-BLE2_V3.3.0, X-CUBE-BLEMGR_V3.1.0, X-CUBE-EEPRMA1_V5.1.0, X-CUBE-FREERTOS_V1.2.0, X-CUBE-GNSS1_V6.0.0, X-CUBE-MEMS1_V11.0.0, X-CUBE-NFC4_V3.0.0, X-CUBE-NFC7_V1.0.1, X-CUBE-SFXS2LP1_V4.0.0, X-CUBE-SUBG2_V5.0.0, X-CUBE-TOF1_V3.4.2]
2024-11-14 09:37:44,032 [INFO] ApiDb:240 - Found 371 in-development CPN: [B-G473E-ZEST1S, B-WB1M-WPAN1, B-WL5M-SUBG1, NUCLEO-C031C6, NUCLEO-H503RB, NUCLEO-H563ZI, NUCLEO-U545RE-Q, NUCLEO-U5A5ZJ-Q, NUCLEO-WBA52CG, NUCLEO-WBA55CG, STEVAL-MKBOXPRO, STEVAL-PROTEUS1, STEVAL-STWINBX1, STM320518-EVAL, STM32C0116-DK, STM32C011D6Y3TR, STM32C011D6Y6TR, STM32C011F4P3, STM32C011F4P6, STM32C011F4U3, STM32C011F4U6TR, STM32C011F6P3, STM32C011F6P6, STM32C011F6U3, STM32C011F6U6TR, STM32C011J4M3, STM32C011J4M6, STM32C011J6M3, STM32C011J6M6, STM32C0316-DK, STM32C031C4T3, STM32C031C4T6, STM32C031C4U3, STM32C031C4U6, STM32C031C6T3, STM32C031C6T6, STM32C031C6U3, STM32C031C6U6, STM32C031F4P3, STM32C031F4P6, STM32C031F6P3, STM32C031F6P6, STM32C031G4U3, STM32C031G4U6, STM32C031G6U3, STM32C031G6U6, STM32C031K4T3, STM32C031K4T6, STM32C031K4U3, STM32C031K4U6, STM32C031K6T3, STM32C031K6T6, STM32C031K6U3, STM32C031K6U6, STM32G071K8TXN, STM32G071K8UXN, STM32G081GBU6N, STM32G081KBT6N, STM32G081KBUXN, STM32G0B1CCT6N, STM32G0B1KCT6, STM32G0B1NEY6TR, STM32G0B1RCT6N, STM32G0C1CCT6, STM32G0C1CCT6N, STM32G0C1CCU6N, STM32G0C1CET6N, STM32G0C1CEU6N, STM32G0C1KCT6, STM32G0C1NEY6TR, STM32G0C1RCI6N, STM32G0C1RCT6N, STM32G0C1REI6N, STM32G0C1RET6N, STM32G0C1VCI6, STM32G0C1VEI6, STM32G471CCT6, STM32G471CCU6, STM32G471CET3, STM32G471CET6, STM32G471CEU3, STM32G471CEU6, STM32G471MCT6, STM32G471MET3, STM32G471MET6, STM32G471MEY6TR, STM32G471QCT6, STM32G471QET3, STM32G471RCT6, STM32G471RET3, STM32G471RET6, STM32G471VCH6, STM32G471VCI6, STM32G471VCT6, STM32G471VEH3, STM32G471VEH6, STM32G471VEI3, STM32G471VEI6, STM32G471VET3, STM32G471VET6, STM32G474CCT6, STM32H503CBT6, STM32H503CBU6, STM32H503EBY6TR, STM32H503KBU6, STM32H503RBT6, STM32H562AGI6, STM32H562AII6, STM32H562IGK6, STM32H562IGT6, STM32H562IIK6, STM32H562IIT6, STM32H562RGT6, STM32H562RGV6, STM32H562RIT6, STM32H562RIV6, STM32H562VGT6, STM32H562VIT6, STM32H562ZGT6, STM32H562ZIT6, STM32H563AGI6, STM32H563AII3Q, STM32H563AII6, STM32H563IGK6, STM32H563IGT6, STM32H563IIK3Q, STM32H563IIK6, STM32H563IIT3Q, STM32H563IIT6, STM32H563MIY3QTR, STM32H563RGT6, STM32H563RGV6, STM32H563RIT6, STM32H563RIV6, STM32H563VGT6, STM32H563VIT3Q, STM32H563VIT6, STM32H563ZGT6, STM32H563ZIT3Q, STM32H563ZIT6, STM32H573AII3Q, STM32H573AII6, STM32H573I-DK, STM32H573IIK3Q, STM32H573IIK6, STM32H573IIT3Q, STM32H573IIT6, STM32H573MIY3QTR, STM32H573RIT6, STM32H573RIV6, STM32H573VIT3Q, STM32H573VIT6, STM32H573ZIT3Q, STM32H573ZIT6, STM32L4R5QGI6STR, STM32MP131AAE3, STM32MP131AAF3, STM32MP131AAG3, STM32MP131CAE3, STM32MP131CAF3, STM32MP131CAG3, STM32MP131DAE7, STM32MP131DAF7, STM32MP131DAG7, STM32MP131FAE7, STM32MP131FAF7, STM32MP131FAG7, STM32MP133AAE3, STM32MP133AAF3, STM32MP133AAG3, STM32MP133CAE3, STM32MP133CAF3, STM32MP133CAG3, STM32MP133DAE7, STM32MP133DAF7, STM32MP133DAG7, STM32MP133FAE7, STM32MP133FAF7, STM32MP133FAG7, STM32MP135AAE3, STM32MP135AAF3, STM32MP135AAG3, STM32MP135CAE3, STM32MP135CAF3, STM32MP135CAG3, STM32MP135DAE7, STM32MP135DAF7, STM32MP135DAG7, STM32MP135F-DK, STM32MP135FAE7, STM32MP135FAF7, STM32MP135FAF7T, STM32MP135FAF7U, STM32MP135FAG7, STM32U535CBT6, STM32U535CBT6Q, STM32U535CBU6, STM32U535CBU6Q, STM32U535CCT6, STM32U535CCT6Q, STM32U535CCU6, STM32U535CCU6Q, STM32U535CET6, STM32U535CET6Q, STM32U535CEU6, STM32U535CEU6Q, STM32U535JEY6QTR, STM32U535NCY6QTR, STM32U535NEY6QTR, STM32U535RBI6, STM32U535RBI6Q, STM32U535RBT6, STM32U535RBT6Q, STM32U535RCI6, STM32U535RCI6Q, STM32U535RCT6, STM32U535RCT6Q, STM32U535REI6, STM32U535REI6Q, STM32U535RET6, STM32U535RET6Q, STM32U535VCI6, STM32U535VCI6Q, STM32U535VCT6, STM32U535VCT6Q, STM32U535VEI6, STM32U535VEI6Q, STM32U535VET6, STM32U535VET6Q, STM32U545CET6, STM32U545CET6Q, STM32U545CEU6, STM32U545CEU6Q, STM32U545JEY6QTR, STM32U545NEY6QTR, STM32U545REI6, STM32U545REI6Q, STM32U545RET6, STM32U545RET6Q, STM32U545VEI6, STM32U545VEI6Q, STM32U545VET6, STM32U545VET6Q, STM32U595AIH6, STM32U595AIH6Q, STM32U595AJH6, STM32U595AJH6Q, STM32U595QII6, STM32U595QII6Q, STM32U595QJI6, STM32U595QJI6Q, STM32U595RIT6, STM32U595RIT6Q, STM32U595RJT6, STM32U595RJT6Q, STM32U595VIT6, STM32U595VIT6Q, STM32U595VJT6, STM32U595VJT6Q, STM32U595ZIT6, STM32U595ZIT6Q, STM32U595ZIY6QTR, STM32U595ZJT6, STM32U595ZJT6Q, STM32U595ZJY6QTR, STM32U599BJY6QTR, STM32U599NIH6Q, STM32U599NJH6Q, STM32U599VIT6Q, STM32U599VJT6, STM32U599VJT6Q, STM32U599ZIT6Q, STM32U599ZIY6QTR, STM32U599ZJT6Q, STM32U599ZJY6QTR, STM32U5A5AJH6, STM32U5A5AJH6Q, STM32U5A5QJI6, STM32U5A5QJI6Q, STM32U5A5RJT6, STM32U5A5RJT6Q, STM32U5A5VJT6, STM32U5A5VJT6Q, STM32U5A5ZJT6, STM32U5A5ZJT6Q, STM32U5A5ZJY6QTR, STM32U5A9BJY6QTR, STM32U5A9J-DK, STM32U5A9NJH6Q, STM32U5A9VJT6Q, STM32U5A9ZJT6Q, STM32U5A9ZJY6QTR, STM32U5F7VIT6, STM32U5F7VIT6Q, STM32U5F7VJT6, STM32U5F7VJT6Q, STM32U5F9BJY6QTR, STM32U5F9NJH6Q, STM32U5F9VIT6Q, STM32U5F9VJT6Q, STM32U5F9ZIJ6QTR, STM32U5F9ZIT6Q, STM32U5F9ZJJ6QTR, STM32U5F9ZJT6Q, STM32U5G7VJT6, STM32U5G7VJT6Q, STM32U5G9BJY6QTR, STM32U5G9J-DK1, STM32U5G9J-DK2, STM32U5G9NJH6Q, STM32U5G9VJT6Q, STM32U5G9ZJJ6QTR, STM32U5G9ZJT6Q, STM32WB1MMCH6, STM32WBA50KEU6, STM32WBA50KEU6TR, STM32WBA50KGU6, STM32WBA50KGU6TR, STM32WBA52CEU6, STM32WBA52CEU6TR, STM32WBA52CEU7, STM32WBA52CEU7TR, STM32WBA52CGU6, STM32WBA52CGU6TR, STM32WBA52CGU6U, STM32WBA52CGU7, STM32WBA52CGU7TR, STM32WBA52KEU6, STM32WBA52KEU6TR, STM32WBA52KGU6, STM32WBA52KGU6TR, STM32WBA54CEU6, STM32WBA54CEU6TR, STM32WBA54CEU7, STM32WBA54CEU7TR, STM32WBA54CGU6, STM32WBA54CGU6TR, STM32WBA54CGU7, STM32WBA54CGU7TR, STM32WBA54KEU6, STM32WBA54KEU6TR, STM32WBA54KEU7, STM32WBA54KEU7TR, STM32WBA54KGU6, STM32WBA54KGU6TR, STM32WBA54KGU7, STM32WBA54KGU7TR, STM32WBA55CEU6, STM32WBA55CEU6TR, STM32WBA55CEU7, STM32WBA55CEU7TR, STM32WBA55CGU6, STM32WBA55CGU6TR, STM32WBA55CGU6U, STM32WBA55CGU7, STM32WBA55CGU7TR, STM32WBA55G-DK1, STM32WBA55HEF6, STM32WBA55HEF7, STM32WBA55HGF6, STM32WBA55HGF7, STM32WBA55UEI6, STM32WBA55UEI6TR, STM32WBA55UEI7, STM32WBA55UEI7TR, STM32WBA55UGI6, STM32WBA55UGI6TR, STM32WBA55UGI7, STM32WBA55UGI7TR, STM32WL5MOCH6, STM32WL5MOCH6TR]
2024-11-14 09:37:44,034 [INFO] DbMcus:218 - Found 4204 MCUs, 4204 are supported
2024-11-14 09:37:44,035 [INFO] ApiDb:423 - Load user favorites file C:\Users\user/.stm32cubeide/favorites.mcus.txt: 0 item(s)
2024-11-14 09:37:44,035 [INFO] ApiDb:427 - User favorites MCUs=[]
2024-11-14 09:37:44,035 [INFO] DbMcus:224 - Set 0 / 0 favorites MCUs
2024-11-14 09:37:44,209 [INFO] MicroXplorer:468 - Change Database Path : 
2024-11-14 09:37:44,209 [INFO] MicroXplorer:498 - Change Database Version : DB.6.0.100
2024-11-14 09:37:44,209 [WARN] ThirdParty:833 - waiting for thirdparty lock release [change project]
2024-11-14 09:37:44,209 [INFO] ThirdParty:835 - entering critical section [change project]
2024-11-14 09:37:44,209 [INFO] ThirdParty:1030 - CMSIS Pack Vendor :STMicroelectronics USBPD 4.1
2024-11-14 09:37:44,209 [INFO] ThirdParty:1030 - CMSIS Pack Vendor :STMicroelectronics X-CUBE-DISPLAY 3.0.0
2024-11-14 09:37:44,209 [INFO] ThirdParty:1030 - CMSIS Pack Vendor :STMicroelectronics USB_HOST 2.0.0
2024-11-14 09:37:44,209 [INFO] ThirdParty:1030 - CMSIS Pack Vendor :STMicroelectronics X-CUBE-AZRTOS-F4 1.1.0
2024-11-14 09:37:44,209 [INFO] ThirdParty:1030 - CMSIS Pack Vendor :STMicroelectronics LIBJPEG 8.0.0
2024-11-14 09:37:44,209 [INFO] ThirdParty:1030 - CMSIS Pack Vendor :STMicroelectronics X-CUBE-BLE1 7.0.0
2024-11-14 09:37:44,209 [INFO] ThirdParty:1030 - CMSIS Pack Vendor :STMicroelectronics FP-ATR-SIGFOX1 3.2.0
2024-11-14 09:37:44,209 [INFO] ThirdParty:1030 - CMSIS Pack Vendor :STMicroelectronics X-CUBE-SMBUS 2.1.0
2024-11-14 09:37:44,209 [INFO] ThirdParty:1030 - CMSIS Pack Vendor :STMicroelectronics USB_DEVICE 3.0.0
2024-11-14 09:37:44,209 [INFO] ThirdParty:1030 - CMSIS Pack Vendor :STMicroelectronics HAL Drivers 0.0.0
2024-11-14 09:37:44,209 [INFO] ThirdParty:1030 - CMSIS Pack Vendor :STMicroelectronics MBEDTLS 2.16.2
2024-11-14 09:37:44,209 [INFO] ThirdParty:1030 - CMSIS Pack Vendor :STMicroelectronics X-CUBE-AZRTOS-WB 2.0.0
2024-11-14 09:37:44,209 [INFO] ThirdParty:1030 - CMSIS Pack Vendor :STMicroelectronics X-CUBE-NFC7 1.0.1
2024-11-14 09:37:44,209 [INFO] ThirdParty:1030 - CMSIS Pack Vendor :STMicroelectronics MBEDTLS 2.14.1
2024-11-14 09:37:44,209 [INFO] ThirdParty:1030 - CMSIS Pack Vendor :STMicroelectronics X-CUBE-AZRTOS-F7 1.1.0
2024-11-14 09:37:44,209 [INFO] ThirdParty:1030 - CMSIS Pack Vendor :STMicroelectronics X-CUBE-AZRTOS-L5 2.0.0
2024-11-14 09:37:44,209 [INFO] ThirdParty:1030 - CMSIS Pack Vendor :portGmbH I-Cube-SoM-uGOAL 1.1.0
2024-11-14 09:37:44,209 [INFO] ThirdParty:1030 - CMSIS Pack Vendor :STMicroelectronics USB_DEVICE 2.0.0
2024-11-14 09:37:44,209 [INFO] ThirdParty:1030 - CMSIS Pack Vendor :STMicroelectronics ThreadX 1.0.0
2024-11-14 09:37:44,209 [INFO] ThirdParty:1030 - CMSIS Pack Vendor :STMicroelectronics FP-SNS-SMARTAG2 1.2.0
2024-11-14 09:37:44,209 [INFO] ThirdParty:1030 - CMSIS Pack Vendor :STMicroelectronics X-CUBE-AZRTOS-WL 2.0.0
2024-11-14 09:37:44,209 [INFO] ThirdParty:1030 - CMSIS Pack Vendor :SEGGER I-CUBE-embOS 1.3.1
2024-11-14 09:37:44,209 [INFO] ThirdParty:1030 - CMSIS Pack Vendor :STMicroelectronics FreeRTOS 0.0.1
2024-11-14 09:37:44,209 [INFO] ThirdParty:1030 - CMSIS Pack Vendor :STMicroelectronics X-CUBE-AZRTOS-G0 1.1.0
2024-11-14 09:37:44,209 [INFO] ThirdParty:1030 - CMSIS Pack Vendor :STMicroelectronics USB_DEVICE 1.0.0
2024-11-14 09:37:44,209 [INFO] ThirdParty:1030 - CMSIS Pack Vendor :STMicroelectronics X-CUBE-NFC4 3.0.0
2024-11-14 09:37:44,209 [INFO] ThirdParty:1030 - CMSIS Pack Vendor :STMicroelectronics X-CUBE-SUBG2 5.0.0
2024-11-14 09:37:44,209 [INFO] ThirdParty:1030 - CMSIS Pack Vendor :STMicroelectronics STM32_WPAN 1.0.0
2024-11-14 09:37:44,209 [INFO] ThirdParty:1030 - CMSIS Pack Vendor :STMicroelectronics X-CUBE-AZRTOS-L4 2.0.0
2024-11-14 09:37:44,209 [INFO] ThirdParty:1030 - CMSIS Pack Vendor :STMicroelectronics ThreadX 0.0.2
2024-11-14 09:37:44,209 [INFO] ThirdParty:1030 - CMSIS Pack Vendor :WES I-CUBE-Cesium 1.3.0
2024-11-14 09:37:44,209 [INFO] ThirdParty:1030 - CMSIS Pack Vendor :STMicroelectronics lwIP 2.0.3
2024-11-14 09:37:44,209 [INFO] ThirdParty:1030 - CMSIS Pack Vendor :STMicroelectronics lwIP 2.1.2
2024-11-14 09:37:44,209 [INFO] ThirdParty:1030 - CMSIS Pack Vendor :STMicroelectronics X-CUBE-SFXS2LP1 4.0.0
2024-11-14 09:37:44,210 [INFO] ThirdParty:1030 - CMSIS Pack Vendor :STMicroelectronics FP-SNS-FLIGHT1 5.0.2
2024-11-14 09:37:44,210 [INFO] ThirdParty:1030 - CMSIS Pack Vendor :STMicroelectronics X-CUBE-BLE2 3.3.0
2024-11-14 09:37:44,210 [INFO] ThirdParty:1030 - CMSIS Pack Vendor :STMicroelectronics USB_HOST 1.0.0
2024-11-14 09:37:44,210 [INFO] ThirdParty:1030 - CMSIS Pack Vendor :STMicroelectronics X-CUBE-AZRTOS-G4 2.0.0
2024-11-14 09:37:44,210 [INFO] ThirdParty:1030 - CMSIS Pack Vendor :STMicroelectronics PDM2PCM 3.1.0
2024-11-14 09:37:44,210 [INFO] ThirdParty:1030 - CMSIS Pack Vendor :STMicroelectronics PDM2PCM 3.2.0
2024-11-14 09:37:44,210 [INFO] ThirdParty:1030 - CMSIS Pack Vendor :STMicroelectronics PDM2PCM 3.3.0
2024-11-14 09:37:44,210 [INFO] ThirdParty:841 - exiting critical section [change project]
2024-11-14 09:37:44,391 [INFO] PinOutPanel:1499 - setPackage(No Configuration,No Configuration)
2024-11-14 09:37:44,392 [INFO] PinOutPanel:1499 - setPackage(STM32F411RETx,LQFP64)
2024-11-14 09:37:44,613 [INFO] UtilMem:75 - Before build in PCC Used Memory: 641890112 Bytes (901775360)
2024-11-14 09:37:45,092 [INFO] UtilMem:75 - After build in PCC Used Memory: 709067728 Bytes (901775360)
2024-11-14 09:37:45,107 [INFO] IPUIPlugin:80 - create IPUIPlugin
2024-11-14 09:37:45,108 [INFO] IPUIPlugin:80 - create IPUIPlugin
2024-11-14 09:37:45,108 [INFO] IPUIPlugin:80 - create IPUIPlugin
2024-11-14 09:37:45,108 [INFO] IPUIPlugin:80 - create IPUIPlugin
2024-11-14 09:37:45,108 [INFO] IPUIPlugin:80 - create IPUIPlugin
2024-11-14 09:37:45,108 [INFO] IPUIPlugin:80 - create IPUIPlugin
2024-11-14 09:37:45,108 [INFO] IPUIPlugin:80 - create IPUIPlugin
2024-11-14 09:37:45,108 [INFO] IPUIPlugin:80 - create IPUIPlugin
2024-11-14 09:37:45,109 [INFO] IPUIPlugin:80 - create IPUIPlugin
2024-11-14 09:37:45,109 [INFO] IPUIPlugin:80 - create IPUIPlugin
2024-11-14 09:37:45,109 [INFO] IPUIPlugin:80 - create IPUIPlugin
2024-11-14 09:37:45,109 [INFO] IPUIPlugin:80 - create IPUIPlugin
2024-11-14 09:37:45,109 [INFO] IPUIPlugin:80 - create IPUIPlugin
2024-11-14 09:37:45,110 [INFO] IPUIPlugin:80 - create IPUIPlugin
2024-11-14 09:37:45,110 [INFO] IPUIPlugin:80 - create IPUIPlugin
2024-11-14 09:37:45,110 [INFO] IPUIPlugin:80 - create IPUIPlugin
2024-11-14 09:37:45,110 [INFO] IPUIPlugin:80 - create IPUIPlugin
2024-11-14 09:37:45,110 [INFO] IPUIPlugin:80 - create IPUIPlugin
2024-11-14 09:37:45,110 [INFO] IPUIPlugin:80 - create IPUIPlugin
2024-11-14 09:37:45,111 [INFO] IPUIPlugin:80 - create IPUIPlugin
2024-11-14 09:37:45,111 [INFO] IPUIPlugin:80 - create IPUIPlugin
2024-11-14 09:37:45,111 [INFO] IPUIPlugin:80 - create IPUIPlugin
2024-11-14 09:37:45,111 [INFO] IPUIPlugin:80 - create IPUIPlugin
2024-11-14 09:37:45,111 [INFO] IPUIPlugin:80 - create IPUIPlugin
2024-11-14 09:37:45,111 [INFO] IPUIPlugin:80 - create IPUIPlugin
2024-11-14 09:37:45,111 [INFO] IPUIPlugin:80 - create IPUIPlugin
2024-11-14 09:37:45,111 [INFO] IPUIPlugin:80 - create IPUIPlugin
2024-11-14 09:37:45,111 [INFO] IPUIPlugin:80 - create IPUIPlugin
2024-11-14 09:37:45,112 [INFO] IPUIPlugin:80 - create IPUIPlugin
2024-11-14 09:37:45,112 [INFO] IPUIPlugin:80 - create IPUIPlugin
2024-11-14 09:37:45,112 [INFO] IPUIPlugin:80 - create IPUIPlugin
2024-11-14 09:37:45,112 [INFO] IPUIPlugin:80 - create IPUIPlugin
2024-11-14 09:37:45,112 [INFO] IPUIPlugin:80 - create IPUIPlugin
2024-11-14 09:37:45,112 [INFO] IPUIPlugin:80 - create IPUIPlugin
2024-11-14 09:37:45,112 [INFO] IPUIPlugin:80 - create IPUIPlugin
2024-11-14 09:37:45,113 [INFO] IPUIPlugin:80 - create IPUIPlugin
2024-11-14 09:37:45,113 [INFO] IPUIPlugin:80 - create IPUIPlugin
2024-11-14 09:37:45,113 [INFO] IPUIPlugin:80 - create IPUIPlugin
2024-11-14 09:37:45,113 [INFO] IPUIPlugin:80 - create IPUIPlugin
2024-11-14 09:37:45,113 [INFO] IPUIPlugin:80 - create IPUIPlugin
2024-11-14 09:37:45,113 [INFO] IPUIPlugin:80 - create IPUIPlugin
2024-11-14 09:37:45,113 [INFO] IPUIPlugin:80 - create IPUIPlugin
2024-11-14 09:37:45,114 [INFO] IPUIPlugin:80 - create IPUIPlugin
2024-11-14 09:37:45,184 [INFO] ApiDbMcu:508 - Load IP Config File for PDM2PCM
2024-11-14 09:37:45,293 [INFO] CADModel:165 - CPN selected for project levelSTM32F411RET6
2024-11-14 09:37:45,293 [INFO] CADModel:114 - Register for checkConnection events
2024-11-14 09:37:45,335 [INFO] OpenFileManager:343 - Restore cursor
2024-11-14 13:26:54,058 [INFO] McuFinderGlobals:63 - Set McuFinder mode to 2 (CubeIDE integrated)
2024-11-14 13:26:54,058 [INFO] UserAuth:180 - activating auth plugin
2024-11-14 13:26:54,058 [INFO] UserAuth:404 - Internet connection configuration mode: 1
2024-11-14 13:27:33,445 [INFO] WebApp:612 - userauth.ini deleted or not created
2024-11-14 13:28:12,908 [INFO] ServerAccessManage:473 - Download File stm32cube_fw_f4_v1280.zip
2024-11-14 13:29:31,567 [INFO] AnalyticsPlugin:368 - Accepted License(s): [FW.F4.1.28.0]
2024-11-14 13:29:31,568 [INFO] FileExtend:240 - Unzip File : stm32cube_fw_f4_v1280.zip
2024-11-14 13:29:31,568 [INFO] FileExtend:255 - Standard Zip Deflate
2024-11-14 13:29:56,027 [INFO] ServerAccessManage:473 - Download File stm32cube_fw_f4_v1281.zip
2024-11-14 13:30:25,919 [INFO] FileExtend:240 - Unzip File : stm32cube_fw_f4_v1281.zip
2024-11-14 13:30:25,919 [INFO] FileExtend:255 - Standard Zip Deflate
2024-11-14 13:30:39,295 [INFO] LoadServerPackagesThread:196 - End of LoadServerPackages Thread
2024-11-14 13:30:39,416 [INFO] ThirdPartyModel:298 - Start build external matchings
2024-11-14 13:30:39,421 [INFO] UtilMem:75 - End SaveConfig() Used Memory: 627152216 Bytes (1073741824)
2024-11-14 13:30:39,425 [INFO] ThirdPartyModel:316 - End build external matchings
2024-11-14 13:30:39,426 [INFO] CheckServerUpdateThread:120 - End of CheckServer Thread
2024-11-14 13:30:39,694 [INFO] BlockDiagram:2759 - set Specific Code input for plugin: NVIC
2024-11-14 13:30:39,694 [INFO] BlockDiagram:2759 - set Specific Code input for plugin: USART
2024-11-14 13:30:39,694 [INFO] BlockDiagram:2759 - set Specific Code input for plugin: SYS
2024-11-14 13:30:39,694 [INFO] BlockDiagram:2759 - set Specific Code input for plugin: GPIO
2024-11-14 13:30:39,694 [INFO] BlockDiagram:2759 - set Specific Code input for plugin: RCC
2024-11-14 13:30:39,696 [INFO] CodeGenerator:807 - code generatio: config db path: C:\ST\STM32CubeIDE_1.14.1\STM32CubeIDE\plugins\com.st.stm32cube.common.mx_6.10.0.202311202037\\db\
2024-11-14 13:30:39,810 [INFO] CodeEngine:255 - oldGeneratedFile, C:\Users\user\source\repos\STM32\test01\MXTmpFiles\license.tmp_save
2024-11-14 13:30:39,998 [INFO] CodeEngine:279 - Generated code: C:\Users\user\source\repos\STM32\test01\MXTmpFiles\license.tmp
2024-11-14 13:30:40,030 [INFO] CodeEngine:255 - oldGeneratedFile, C:\Users\user\source\repos\STM32\test01\MXTmpFiles\gpio.tmp_save
2024-11-14 13:30:40,112 [INFO] CodeEngine:279 - Generated code: C:\Users\user\source\repos\STM32\test01\MXTmpFiles\gpio.tmp
2024-11-14 13:30:40,168 [INFO] CodeEngine:255 - oldGeneratedFile, C:\Users\user\source\repos\STM32\test01\Core\Src\stm32f4xx_it.c_save
2024-11-14 13:30:40,240 [INFO] CodeEngine:279 - Generated code: C:\Users\user\source\repos\STM32\test01\Core\Src\stm32f4xx_it.c
2024-11-14 13:30:40,244 [INFO] CodeEngine:255 - oldGeneratedFile, C:\Users\user\source\repos\STM32\test01\Core\Inc\stm32f4xx_it.h_save
2024-11-14 13:30:40,285 [INFO] CodeEngine:279 - Generated code: C:\Users\user\source\repos\STM32\test01\Core\Inc\stm32f4xx_it.h
2024-11-14 13:30:40,296 [INFO] CodeEngine:255 - oldGeneratedFile, C:\Users\user\source\repos\STM32\test01\Core\Src\stm32f4xx_hal_msp.c_save
2024-11-14 13:30:40,395 [INFO] CodeEngine:279 - Generated code: C:\Users\user\source\repos\STM32\test01\Core\Src\stm32f4xx_hal_msp.c
2024-11-14 13:30:40,429 [INFO] CodeEngine:255 - oldGeneratedFile, C:\Users\user\source\repos\STM32\test01\MXTmpFiles\system.tmp_save
2024-11-14 13:30:40,459 [INFO] CodeEngine:279 - Generated code: C:\Users\user\source\repos\STM32\test01\MXTmpFiles\system.tmp
2024-11-14 13:30:40,528 [INFO] CodeEngine:311 - oldGeneratedFile, C:\Users\user\source\repos\STM32\test01\Core\Inc\stm32f4xx_hal_conf.h_save
2024-11-14 13:30:40,633 [INFO] CodeEngine:335 - Generated code: C:\Users\user\source\repos\STM32\test01\Core\Inc\stm32f4xx_hal_conf.h
2024-11-14 13:30:40,774 [INFO] CodeEngine:255 - oldGeneratedFile, C:\Users\user\source\repos\STM32\test01\Core\Inc\main.h_save
2024-11-14 13:30:40,845 [INFO] CodeEngine:279 - Generated code: C:\Users\user\source\repos\STM32\test01\Core\Inc\main.h
2024-11-14 13:30:40,905 [INFO] CodeEngine:255 - oldGeneratedFile, C:\Users\user\source\repos\STM32\test01\Core\Src\main.c_save
2024-11-14 13:30:40,981 [INFO] CodeEngine:279 - Generated code: C:\Users\user\source\repos\STM32\test01\Core\Src\main.c
2024-11-14 13:30:41,386 [INFO] ProjectBuilder:3076 - Time for Copy HAL[1] : 142mS.
2024-11-14 13:30:41,390 [INFO] ProjectBuilder:4485 - Project Generator version: 4.2.0-B44
2024-11-14 13:30:41,506 [INFO] ConfigFileManager:1495 - The Die is : DIE431
2024-11-14 13:30:41,514 [INFO] ApiDbMcu:508 - Load IP Config File for FATFS
2024-11-14 13:30:41,519 [INFO] ApiDbMcu:508 - Load IP Config File for FREERTOS
2024-11-14 13:30:41,522 [INFO] ApiDbMcu:508 - Load IP Config File for LIBJPEG
2024-11-14 13:30:41,527 [INFO] ApiDbMcu:508 - Load IP Config File for MBEDTLS
2024-11-14 13:30:41,536 [INFO] ApiDbMcu:508 - Load IP Config File for USB_DEVICE
2024-11-14 13:30:41,539 [INFO] ApiDbMcu:508 - Load IP Config File for USB_HOST
2024-11-14 13:30:41,989 [INFO] LogOutputStream:77 - [STDOUT_REDIRECT] 
2024-11-14 13:30:43,897 [INFO] ProjectBuilder:4747 - Time for Generating toolchain IDE Files: 2507mS.
2024-11-14 13:30:43,898 [INFO] ProjectBuilder:2947 - Time for Copy CMSIS : 1mS.
2024-11-14 13:30:43,901 [INFO] ProjectBuilder:2947 - Time for Copy CMSIS : 1mS.
2024-11-14 14:34:13,714 [INFO] Gpio:277 - dependency for GPIO [RCC, SYS, USART2]
2024-11-14 14:36:13,850 [INFO] Gpio:277 - dependency for GPIO [RCC, SYS, USART2]
2024-11-14 14:36:22,695 [INFO] Gpio:277 - dependency for GPIO [RCC, SYS, USART2]
2024-11-14 14:36:22,735 [INFO] NvicIntPanel:101 - NVIC parent = com.st.microxplorer.plugins.ip.nvic.MultiNvicIntPanel[,0,0,0x0,invalid,layout=javax.swing.BoxLayout,alignmentX=0.0,alignmentY=0.0,border=,flags=9,maximumSize=,minimumSize=,preferredSize=]
2024-11-14 14:44:14,974 [INFO] Gpio:277 - dependency for GPIO [RCC, SYS, USART2]
2024-11-14 14:44:52,119 [INFO] Gpio:277 - dependency for GPIO [RCC, SYS, USART2]
2024-11-14 14:44:53,990 [INFO] NvicIntPanel:101 - NVIC parent = com.st.microxplorer.plugins.ip.nvic.MultiNvicIntPanel[,2,48,474x1000,layout=javax.swing.BoxLayout,alignmentX=0.0,alignmentY=0.0,border=,flags=9,maximumSize=,minimumSize=,preferredSize=]
2024-11-14 14:45:07,424 [INFO] Gpio:277 - dependency for GPIO [RCC, SYS, USART2]
2024-11-14 14:45:18,133 [INFO] Gpio:277 - dependency for GPIO [RCC, SYS, USART2]
2024-11-14 14:45:22,707 [INFO] Gpio:277 - dependency for GPIO [RCC, SYS, USART2]
2024-11-14 14:45:27,285 [INFO] Gpio:277 - dependency for GPIO [RCC, SYS, USART2]
2024-11-14 14:45:32,147 [INFO] Gpio:277 - dependency for GPIO [RCC, SYS, USART2]
2024-11-14 14:45:32,164 [INFO] NvicIntPanel:101 - NVIC parent = com.st.microxplorer.plugins.ip.nvic.MultiNvicIntPanel[,0,0,0x0,invalid,layout=javax.swing.BoxLayout,alignmentX=0.0,alignmentY=0.0,border=,flags=9,maximumSize=,minimumSize=,preferredSize=]
2024-11-14 14:46:02,213 [INFO] Gpio:277 - dependency for GPIO [RCC, SYS, USART2]
2024-11-14 14:50:01,096 [INFO] Gpio:277 - dependency for GPIO [RCC, SYS, USART2]
2024-11-14 14:50:03,251 [INFO] NvicIntPanel:101 - NVIC parent = com.st.microxplorer.plugins.ip.nvic.MultiNvicIntPanel[,2,28,627x1020,layout=javax.swing.BoxLayout,alignmentX=0.0,alignmentY=0.0,border=,flags=9,maximumSize=,minimumSize=,preferredSize=]
2024-11-14 14:50:29,655 [INFO] UtilMem:75 - End SaveConfig() Used Memory: 626590424 Bytes (1073741824)
2024-11-14 14:50:30,871 [INFO] UtilMem:75 - End SaveConfig() Used Memory: 662145752 Bytes (1073741824)
2024-11-14 14:50:30,949 [INFO] BlockDiagram:2759 - set Specific Code input for plugin: NVIC
2024-11-14 14:50:30,949 [INFO] BlockDiagram:2759 - set Specific Code input for plugin: USART
2024-11-14 14:50:30,949 [INFO] BlockDiagram:2759 - set Specific Code input for plugin: SYS
2024-11-14 14:50:30,949 [INFO] BlockDiagram:2759 - set Specific Code input for plugin: GPIO
2024-11-14 14:50:30,949 [INFO] BlockDiagram:2759 - set Specific Code input for plugin: RCC
2024-11-14 14:50:30,950 [INFO] CodeGenerator:807 - code generatio: config db path: C:\ST\STM32CubeIDE_1.14.1\STM32CubeIDE\plugins\com.st.stm32cube.common.mx_6.10.0.202311202037\\db\
2024-11-14 14:50:31,003 [INFO] CodeEngine:255 - oldGeneratedFile, C:\Users\user\source\repos\STM32\test01\MXTmpFiles\license.tmp_save
2024-11-14 14:50:31,060 [INFO] CodeEngine:279 - Generated code: C:\Users\user\source\repos\STM32\test01\MXTmpFiles\license.tmp
2024-11-14 14:50:31,072 [INFO] CodeEngine:255 - oldGeneratedFile, C:\Users\user\source\repos\STM32\test01\MXTmpFiles\gpio.tmp_save
2024-11-14 14:50:31,116 [INFO] CodeEngine:279 - Generated code: C:\Users\user\source\repos\STM32\test01\MXTmpFiles\gpio.tmp
2024-11-14 14:50:31,142 [INFO] CodeEngine:255 - oldGeneratedFile, C:\Users\user\source\repos\STM32\test01\Core\Src\stm32f4xx_it.c_save
2024-11-14 14:50:31,243 [INFO] CodeEngine:279 - Generated code: C:\Users\user\source\repos\STM32\test01\Core\Src\stm32f4xx_it.c
2024-11-14 14:50:31,249 [INFO] CodeEngine:255 - oldGeneratedFile, C:\Users\user\source\repos\STM32\test01\Core\Inc\stm32f4xx_it.h_save
2024-11-14 14:50:31,298 [INFO] CodeEngine:279 - Generated code: C:\Users\user\source\repos\STM32\test01\Core\Inc\stm32f4xx_it.h
2024-11-14 14:50:31,307 [INFO] CodeEngine:255 - oldGeneratedFile, C:\Users\user\source\repos\STM32\test01\Core\Src\stm32f4xx_hal_msp.c_save
2024-11-14 14:50:31,353 [INFO] CodeEngine:279 - Generated code: C:\Users\user\source\repos\STM32\test01\Core\Src\stm32f4xx_hal_msp.c
2024-11-14 14:50:31,356 [INFO] CodeEngine:255 - oldGeneratedFile, C:\Users\user\source\repos\STM32\test01\MXTmpFiles\system.tmp_save
2024-11-14 14:50:31,384 [INFO] CodeEngine:279 - Generated code: C:\Users\user\source\repos\STM32\test01\MXTmpFiles\system.tmp
2024-11-14 14:50:31,392 [INFO] CodeEngine:311 - oldGeneratedFile, C:\Users\user\source\repos\STM32\test01\Core\Inc\stm32f4xx_hal_conf.h_save
2024-11-14 14:50:31,425 [INFO] CodeEngine:335 - Generated code: C:\Users\user\source\repos\STM32\test01\Core\Inc\stm32f4xx_hal_conf.h
2024-11-14 14:50:31,442 [INFO] CodeEngine:255 - oldGeneratedFile, C:\Users\user\source\repos\STM32\test01\Core\Inc\main.h_save
2024-11-14 14:50:31,484 [INFO] CodeEngine:279 - Generated code: C:\Users\user\source\repos\STM32\test01\Core\Inc\main.h
2024-11-14 14:50:31,488 [INFO] CodeEngine:255 - oldGeneratedFile, C:\Users\user\source\repos\STM32\test01\Core\Src\main.c_save
2024-11-14 14:50:31,540 [INFO] CodeEngine:279 - Generated code: C:\Users\user\source\repos\STM32\test01\Core\Src\main.c
2024-11-14 14:50:31,886 [INFO] ProjectBuilder:3076 - Time for Copy HAL[1] : 171mS.
2024-11-14 14:50:31,890 [INFO] ProjectBuilder:4485 - Project Generator version: 4.2.0-B44
2024-11-14 14:50:31,987 [INFO] ConfigFileManager:1495 - The Die is : DIE431
2024-11-14 14:50:32,863 [INFO] ProjectBuilder:4747 - Time for Generating toolchain IDE Files: 973mS.
2024-11-14 14:50:32,864 [INFO] ProjectBuilder:2947 - Time for Copy CMSIS : 1mS.
2024-11-14 14:50:32,866 [INFO] ProjectBuilder:2947 - Time for Copy CMSIS : 0mS.
2024-11-14 15:20:41,287 [INFO] Gpio:277 - dependency for GPIO [RCC, SYS, USART2]
2024-11-14 15:25:09,897 [INFO] UtilMem:75 - End SaveConfig() Used Memory: 850862520 Bytes (1073741824)
2024-11-14 15:25:11,159 [INFO] UtilMem:75 - End SaveConfig() Used Memory: 883890616 Bytes (1073741824)
2024-11-14 15:25:12,296 [INFO] UtilMem:75 - End SaveConfig() Used Memory: 915347896 Bytes (1073741824)
2024-11-14 15:25:12,400 [INFO] BlockDiagram:2759 - set Specific Code input for plugin: NVIC
2024-11-14 15:25:12,400 [INFO] BlockDiagram:2759 - set Specific Code input for plugin: USART
2024-11-14 15:25:12,400 [INFO] BlockDiagram:2759 - set Specific Code input for plugin: SYS
2024-11-14 15:25:12,400 [INFO] BlockDiagram:2759 - set Specific Code input for plugin: GPIO
2024-11-14 15:25:12,401 [INFO] BlockDiagram:2759 - set Specific Code input for plugin: RCC
2024-11-14 15:25:12,401 [INFO] CodeGenerator:807 - code generatio: config db path: C:\ST\STM32CubeIDE_1.14.1\STM32CubeIDE\plugins\com.st.stm32cube.common.mx_6.10.0.202311202037\\db\
2024-11-14 15:25:12,467 [INFO] CodeEngine:255 - oldGeneratedFile, C:\Users\user\source\repos\STM32\test01\MXTmpFiles\license.tmp_save
2024-11-14 15:25:12,512 [INFO] CodeEngine:279 - Generated code: C:\Users\user\source\repos\STM32\test01\MXTmpFiles\license.tmp
2024-11-14 15:25:12,526 [INFO] CodeEngine:255 - oldGeneratedFile, C:\Users\user\source\repos\STM32\test01\MXTmpFiles\gpio.tmp_save
2024-11-14 15:25:12,607 [INFO] CodeEngine:279 - Generated code: C:\Users\user\source\repos\STM32\test01\MXTmpFiles\gpio.tmp
2024-11-14 15:25:12,630 [INFO] CodeEngine:255 - oldGeneratedFile, C:\Users\user\source\repos\STM32\test01\Core\Src\stm32f4xx_it.c_save
2024-11-14 15:25:12,703 [INFO] CodeEngine:279 - Generated code: C:\Users\user\source\repos\STM32\test01\Core\Src\stm32f4xx_it.c
2024-11-14 15:25:12,707 [INFO] CodeEngine:255 - oldGeneratedFile, C:\Users\user\source\repos\STM32\test01\Core\Inc\stm32f4xx_it.h_save
2024-11-14 15:25:12,735 [INFO] CodeEngine:279 - Generated code: C:\Users\user\source\repos\STM32\test01\Core\Inc\stm32f4xx_it.h
2024-11-14 15:25:12,742 [INFO] CodeEngine:255 - oldGeneratedFile, C:\Users\user\source\repos\STM32\test01\Core\Src\stm32f4xx_hal_msp.c_save
2024-11-14 15:25:12,782 [INFO] CodeEngine:279 - Generated code: C:\Users\user\source\repos\STM32\test01\Core\Src\stm32f4xx_hal_msp.c
2024-11-14 15:25:12,785 [INFO] CodeEngine:255 - oldGeneratedFile, C:\Users\user\source\repos\STM32\test01\MXTmpFiles\system.tmp_save
2024-11-14 15:25:12,821 [INFO] CodeEngine:279 - Generated code: C:\Users\user\source\repos\STM32\test01\MXTmpFiles\system.tmp
2024-11-14 15:25:12,828 [INFO] CodeEngine:311 - oldGeneratedFile, C:\Users\user\source\repos\STM32\test01\Core\Inc\stm32f4xx_hal_conf.h_save
2024-11-14 15:25:12,860 [INFO] CodeEngine:335 - Generated code: C:\Users\user\source\repos\STM32\test01\Core\Inc\stm32f4xx_hal_conf.h
2024-11-14 15:25:12,875 [INFO] CodeEngine:255 - oldGeneratedFile, C:\Users\user\source\repos\STM32\test01\Core\Inc\main.h_save
2024-11-14 15:25:12,916 [INFO] CodeEngine:279 - Generated code: C:\Users\user\source\repos\STM32\test01\Core\Inc\main.h
2024-11-14 15:25:12,919 [INFO] CodeEngine:255 - oldGeneratedFile, C:\Users\user\source\repos\STM32\test01\Core\Src\main.c_save
2024-11-14 15:25:12,967 [INFO] CodeEngine:279 - Generated code: C:\Users\user\source\repos\STM32\test01\Core\Src\main.c
2024-11-14 15:25:13,255 [INFO] ProjectBuilder:3076 - Time for Copy HAL[1] : 111mS.
2024-11-14 15:25:13,257 [INFO] ProjectBuilder:4485 - Project Generator version: 4.2.0-B44
2024-11-14 15:25:13,362 [INFO] ConfigFileManager:1495 - The Die is : DIE431
2024-11-14 15:25:14,050 [INFO] ProjectBuilder:4747 - Time for Generating toolchain IDE Files: 793mS.
2024-11-14 15:25:14,051 [INFO] ProjectBuilder:2947 - Time for Copy CMSIS : 0mS.
2024-11-14 15:25:14,054 [INFO] ProjectBuilder:2947 - Time for Copy CMSIS : 0mS.
2024-11-14 15:26:47,952 [INFO] UtilMem:75 - End SaveConfig() Used Memory: 683961256 Bytes (1073741824)
2024-11-14 15:26:48,072 [INFO] BlockDiagram:2759 - set Specific Code input for plugin: NVIC
2024-11-14 15:26:48,072 [INFO] BlockDiagram:2759 - set Specific Code input for plugin: USART
2024-11-14 15:26:48,072 [INFO] BlockDiagram:2759 - set Specific Code input for plugin: SYS
2024-11-14 15:26:48,072 [INFO] BlockDiagram:2759 - set Specific Code input for plugin: GPIO
2024-11-14 15:26:48,072 [INFO] BlockDiagram:2759 - set Specific Code input for plugin: RCC
2024-11-14 15:26:48,073 [INFO] CodeGenerator:807 - code generatio: config db path: C:\ST\STM32CubeIDE_1.14.1\STM32CubeIDE\plugins\com.st.stm32cube.common.mx_6.10.0.202311202037\\db\
2024-11-14 15:26:48,126 [INFO] CodeEngine:255 - oldGeneratedFile, C:\Users\user\source\repos\STM32\test01\MXTmpFiles\license.tmp_save
2024-11-14 15:26:48,152 [INFO] CodeEngine:279 - Generated code: C:\Users\user\source\repos\STM32\test01\MXTmpFiles\license.tmp
2024-11-14 15:26:48,161 [INFO] CodeEngine:255 - oldGeneratedFile, C:\Users\user\source\repos\STM32\test01\MXTmpFiles\gpio.tmp_save
2024-11-14 15:26:48,188 [INFO] CodeEngine:279 - Generated code: C:\Users\user\source\repos\STM32\test01\MXTmpFiles\gpio.tmp
2024-11-14 15:26:48,206 [INFO] CodeEngine:255 - oldGeneratedFile, C:\Users\user\source\repos\STM32\test01\Core\Src\stm32f4xx_it.c_save
2024-11-14 15:26:48,240 [INFO] CodeEngine:279 - Generated code: C:\Users\user\source\repos\STM32\test01\Core\Src\stm32f4xx_it.c
2024-11-14 15:26:48,245 [INFO] CodeEngine:255 - oldGeneratedFile, C:\Users\user\source\repos\STM32\test01\Core\Inc\stm32f4xx_it.h_save
2024-11-14 15:26:48,273 [INFO] CodeEngine:279 - Generated code: C:\Users\user\source\repos\STM32\test01\Core\Inc\stm32f4xx_it.h
2024-11-14 15:26:48,280 [INFO] CodeEngine:255 - oldGeneratedFile, C:\Users\user\source\repos\STM32\test01\Core\Src\stm32f4xx_hal_msp.c_save
2024-11-14 15:26:48,318 [INFO] CodeEngine:279 - Generated code: C:\Users\user\source\repos\STM32\test01\Core\Src\stm32f4xx_hal_msp.c
2024-11-14 15:26:48,320 [INFO] CodeEngine:255 - oldGeneratedFile, C:\Users\user\source\repos\STM32\test01\MXTmpFiles\system.tmp_save
2024-11-14 15:26:48,345 [INFO] CodeEngine:279 - Generated code: C:\Users\user\source\repos\STM32\test01\MXTmpFiles\system.tmp
2024-11-14 15:26:48,351 [INFO] CodeEngine:311 - oldGeneratedFile, C:\Users\user\source\repos\STM32\test01\Core\Inc\stm32f4xx_hal_conf.h_save
2024-11-14 15:26:48,382 [INFO] CodeEngine:335 - Generated code: C:\Users\user\source\repos\STM32\test01\Core\Inc\stm32f4xx_hal_conf.h
2024-11-14 15:26:48,395 [INFO] CodeEngine:255 - oldGeneratedFile, C:\Users\user\source\repos\STM32\test01\Core\Inc\main.h_save
2024-11-14 15:26:48,424 [INFO] CodeEngine:279 - Generated code: C:\Users\user\source\repos\STM32\test01\Core\Inc\main.h
2024-11-14 15:26:48,428 [INFO] CodeEngine:255 - oldGeneratedFile, C:\Users\user\source\repos\STM32\test01\Core\Src\main.c_save
2024-11-14 15:26:48,472 [INFO] CodeEngine:279 - Generated code: C:\Users\user\source\repos\STM32\test01\Core\Src\main.c
2024-11-14 15:26:48,803 [INFO] ProjectBuilder:3076 - Time for Copy HAL[1] : 119mS.
2024-11-14 15:26:48,806 [INFO] ProjectBuilder:4485 - Project Generator version: 4.2.0-B44
2024-11-14 15:26:48,930 [INFO] ConfigFileManager:1495 - The Die is : DIE431
2024-11-14 15:26:49,554 [INFO] ProjectBuilder:4747 - Time for Generating toolchain IDE Files: 748mS.
2024-11-14 15:26:49,555 [INFO] ProjectBuilder:2947 - Time for Copy CMSIS : 1mS.
2024-11-14 15:26:49,557 [INFO] ProjectBuilder:2947 - Time for Copy CMSIS : 0mS.
2024-11-14 15:52:43,884 [INFO] Gpio:277 - dependency for GPIO [RCC, SYS, USART2]
2024-11-14 15:53:55,951 [INFO] Gpio:277 - dependency for GPIO [RCC, SYS, USART2]
2024-11-14 15:53:55,968 [INFO] NvicIntPanel:101 - NVIC parent = com.st.microxplorer.plugins.ip.nvic.MultiNvicIntPanel[,0,0,0x0,invalid,layout=javax.swing.BoxLayout,alignmentX=0.0,alignmentY=0.0,border=,flags=9,maximumSize=,minimumSize=,preferredSize=]
2024-11-14 15:53:57,783 [INFO] Gpio:277 - dependency for GPIO [RCC, SYS, USART2]
2024-11-14 15:53:57,799 [INFO] NvicIntPanel:101 - NVIC parent = com.st.microxplorer.plugins.ip.nvic.MultiNvicIntPanel[,0,0,0x0,invalid,layout=javax.swing.BoxLayout,alignmentX=0.0,alignmentY=0.0,border=,flags=9,maximumSize=,minimumSize=,preferredSize=]
2024-11-14 15:54:00,799 [INFO] Gpio:277 - dependency for GPIO [RCC, SYS, USART2]
2024-11-14 15:54:00,817 [INFO] NvicIntPanel:101 - NVIC parent = com.st.microxplorer.plugins.ip.nvic.MultiNvicIntPanel[,0,0,0x0,invalid,layout=javax.swing.BoxLayout,alignmentX=0.0,alignmentY=0.0,border=,flags=9,maximumSize=,minimumSize=,preferredSize=]
2024-11-14 15:54:02,489 [INFO] Gpio:277 - dependency for GPIO [RCC, SYS, USART2]
2024-11-14 15:54:02,508 [INFO] NvicIntPanel:101 - NVIC parent = com.st.microxplorer.plugins.ip.nvic.MultiNvicIntPanel[,0,0,0x0,invalid,layout=javax.swing.BoxLayout,alignmentX=0.0,alignmentY=0.0,border=,flags=9,maximumSize=,minimumSize=,preferredSize=]
2024-11-14 15:54:19,544 [INFO] UtilMem:75 - End SaveConfig() Used Memory: 653874264 Bytes (1073741824)
2024-11-14 15:54:20,441 [INFO] UtilMem:75 - End SaveConfig() Used Memory: 673270872 Bytes (1073741824)
2024-11-14 15:54:22,408 [INFO] UtilMem:75 - End SaveConfig() Used Memory: 744576056 Bytes (1073741824)
2024-11-14 15:54:22,484 [INFO] BlockDiagram:2759 - set Specific Code input for plugin: NVIC
2024-11-14 15:54:22,484 [INFO] BlockDiagram:2759 - set Specific Code input for plugin: USART
2024-11-14 15:54:22,484 [INFO] BlockDiagram:2759 - set Specific Code input for plugin: SYS
2024-11-14 15:54:22,484 [INFO] BlockDiagram:2759 - set Specific Code input for plugin: GPIO
2024-11-14 15:54:22,484 [INFO] BlockDiagram:2759 - set Specific Code input for plugin: RCC
2024-11-14 15:54:22,485 [INFO] CodeGenerator:807 - code generatio: config db path: C:\ST\STM32CubeIDE_1.14.1\STM32CubeIDE\plugins\com.st.stm32cube.common.mx_6.10.0.202311202037\\db\
2024-11-14 15:54:22,536 [INFO] CodeEngine:255 - oldGeneratedFile, C:\Users\user\source\repos\STM32\test01\MXTmpFiles\license.tmp_save
2024-11-14 15:54:22,570 [INFO] CodeEngine:279 - Generated code: C:\Users\user\source\repos\STM32\test01\MXTmpFiles\license.tmp
2024-11-14 15:54:22,579 [INFO] CodeEngine:255 - oldGeneratedFile, C:\Users\user\source\repos\STM32\test01\MXTmpFiles\gpio.tmp_save
2024-11-14 15:54:22,608 [INFO] CodeEngine:279 - Generated code: C:\Users\user\source\repos\STM32\test01\MXTmpFiles\gpio.tmp
2024-11-14 15:54:22,625 [INFO] CodeEngine:255 - oldGeneratedFile, C:\Users\user\source\repos\STM32\test01\Core\Src\stm32f4xx_it.c_save
2024-11-14 15:54:22,702 [INFO] CodeEngine:279 - Generated code: C:\Users\user\source\repos\STM32\test01\Core\Src\stm32f4xx_it.c
2024-11-14 15:54:22,707 [INFO] CodeEngine:255 - oldGeneratedFile, C:\Users\user\source\repos\STM32\test01\Core\Inc\stm32f4xx_it.h_save
2024-11-14 15:54:22,736 [INFO] CodeEngine:279 - Generated code: C:\Users\user\source\repos\STM32\test01\Core\Inc\stm32f4xx_it.h
2024-11-14 15:54:22,743 [INFO] CodeEngine:255 - oldGeneratedFile, C:\Users\user\source\repos\STM32\test01\Core\Src\stm32f4xx_hal_msp.c_save
2024-11-14 15:54:22,787 [INFO] CodeEngine:279 - Generated code: C:\Users\user\source\repos\STM32\test01\Core\Src\stm32f4xx_hal_msp.c
2024-11-14 15:54:22,789 [INFO] CodeEngine:255 - oldGeneratedFile, C:\Users\user\source\repos\STM32\test01\MXTmpFiles\system.tmp_save
2024-11-14 15:54:22,814 [INFO] CodeEngine:279 - Generated code: C:\Users\user\source\repos\STM32\test01\MXTmpFiles\system.tmp
2024-11-14 15:54:22,820 [INFO] CodeEngine:311 - oldGeneratedFile, C:\Users\user\source\repos\STM32\test01\Core\Inc\stm32f4xx_hal_conf.h_save
2024-11-14 15:54:22,851 [INFO] CodeEngine:335 - Generated code: C:\Users\user\source\repos\STM32\test01\Core\Inc\stm32f4xx_hal_conf.h
2024-11-14 15:54:22,865 [INFO] CodeEngine:255 - oldGeneratedFile, C:\Users\user\source\repos\STM32\test01\Core\Inc\main.h_save
2024-11-14 15:54:22,901 [INFO] CodeEngine:279 - Generated code: C:\Users\user\source\repos\STM32\test01\Core\Inc\main.h
2024-11-14 15:54:22,905 [INFO] CodeEngine:255 - oldGeneratedFile, C:\Users\user\source\repos\STM32\test01\Core\Src\main.c_save
2024-11-14 15:54:22,948 [INFO] CodeEngine:279 - Generated code: C:\Users\user\source\repos\STM32\test01\Core\Src\main.c
2024-11-14 15:54:23,270 [INFO] ProjectBuilder:3076 - Time for Copy HAL[1] : 106mS.
2024-11-14 15:54:23,273 [INFO] ProjectBuilder:4485 - Project Generator version: 4.2.0-B44
2024-11-14 15:54:23,383 [INFO] ConfigFileManager:1495 - The Die is : DIE431
2024-11-14 15:54:24,034 [INFO] ProjectBuilder:4747 - Time for Generating toolchain IDE Files: 761mS.
2024-11-14 15:54:24,034 [INFO] ProjectBuilder:2947 - Time for Copy CMSIS : 0mS.
2024-11-14 15:54:24,037 [INFO] ProjectBuilder:2947 - Time for Copy CMSIS : 0mS.
2024-11-14 15:54:31,947 [INFO] Gpio:277 - dependency for GPIO [RCC, SYS, USART2]
2024-11-14 16:07:17,297 [INFO] Gpio:277 - dependency for GPIO [RCC, SYS, USART2]
2024-11-14 16:07:17,311 [INFO] NvicIntPanel:101 - NVIC parent = com.st.microxplorer.plugins.ip.nvic.MultiNvicIntPanel[,0,0,0x0,invalid,layout=javax.swing.BoxLayout,alignmentX=0.0,alignmentY=0.0,border=,flags=9,maximumSize=,minimumSize=,preferredSize=]
2024-11-14 16:07:43,422 [INFO] Gpio:277 - dependency for GPIO [RCC, SYS, USART2]
2024-11-14 16:07:43,439 [INFO] NvicIntPanel:101 - NVIC parent = com.st.microxplorer.plugins.ip.nvic.MultiNvicIntPanel[,0,0,0x0,invalid,layout=javax.swing.BoxLayout,alignmentX=0.0,alignmentY=0.0,border=,flags=9,maximumSize=,minimumSize=,preferredSize=]
2024-11-14 16:08:29,198 [INFO] UtilMem:75 - End SaveConfig() Used Memory: 924585344 Bytes (1073741824)
2024-11-14 16:08:31,211 [INFO] UtilMem:75 - End SaveConfig() Used Memory: 948176256 Bytes (1073741824)
2024-11-14 16:08:31,281 [INFO] UtilMem:75 - End SaveConfig() Used Memory: 617841096 Bytes (1073741824)
2024-11-14 16:08:31,377 [INFO] BlockDiagram:2759 - set Specific Code input for plugin: NVIC
2024-11-14 16:08:31,377 [INFO] BlockDiagram:2759 - set Specific Code input for plugin: USART
2024-11-14 16:08:31,378 [INFO] BlockDiagram:2759 - set Specific Code input for plugin: SYS
2024-11-14 16:08:31,378 [INFO] BlockDiagram:2759 - set Specific Code input for plugin: GPIO
2024-11-14 16:08:31,378 [INFO] BlockDiagram:2759 - set Specific Code input for plugin: RCC
2024-11-14 16:08:31,378 [INFO] CodeGenerator:807 - code generatio: config db path: C:\ST\STM32CubeIDE_1.14.1\STM32CubeIDE\plugins\com.st.stm32cube.common.mx_6.10.0.202311202037\\db\
2024-11-14 16:08:31,475 [INFO] CodeEngine:255 - oldGeneratedFile, C:\Users\user\source\repos\STM32\test01\MXTmpFiles\license.tmp_save
2024-11-14 16:08:31,515 [INFO] CodeEngine:279 - Generated code: C:\Users\user\source\repos\STM32\test01\MXTmpFiles\license.tmp
2024-11-14 16:08:31,524 [INFO] CodeEngine:255 - oldGeneratedFile, C:\Users\user\source\repos\STM32\test01\MXTmpFiles\gpio.tmp_save
2024-11-14 16:08:31,555 [INFO] CodeEngine:279 - Generated code: C:\Users\user\source\repos\STM32\test01\MXTmpFiles\gpio.tmp
2024-11-14 16:08:31,571 [INFO] CodeEngine:255 - oldGeneratedFile, C:\Users\user\source\repos\STM32\test01\Core\Src\stm32f4xx_it.c_save
2024-11-14 16:08:31,631 [INFO] CodeEngine:279 - Generated code: C:\Users\user\source\repos\STM32\test01\Core\Src\stm32f4xx_it.c
2024-11-14 16:08:31,636 [INFO] CodeEngine:255 - oldGeneratedFile, C:\Users\user\source\repos\STM32\test01\Core\Inc\stm32f4xx_it.h_save
2024-11-14 16:08:31,663 [INFO] CodeEngine:279 - Generated code: C:\Users\user\source\repos\STM32\test01\Core\Inc\stm32f4xx_it.h
2024-11-14 16:08:31,671 [INFO] CodeEngine:255 - oldGeneratedFile, C:\Users\user\source\repos\STM32\test01\Core\Src\stm32f4xx_hal_msp.c_save
2024-11-14 16:08:31,714 [INFO] CodeEngine:279 - Generated code: C:\Users\user\source\repos\STM32\test01\Core\Src\stm32f4xx_hal_msp.c
2024-11-14 16:08:31,717 [INFO] CodeEngine:255 - oldGeneratedFile, C:\Users\user\source\repos\STM32\test01\MXTmpFiles\system.tmp_save
2024-11-14 16:08:31,757 [INFO] CodeEngine:279 - Generated code: C:\Users\user\source\repos\STM32\test01\MXTmpFiles\system.tmp
2024-11-14 16:08:31,764 [INFO] CodeEngine:311 - oldGeneratedFile, C:\Users\user\source\repos\STM32\test01\Core\Inc\stm32f4xx_hal_conf.h_save
2024-11-14 16:08:31,803 [INFO] CodeEngine:335 - Generated code: C:\Users\user\source\repos\STM32\test01\Core\Inc\stm32f4xx_hal_conf.h
2024-11-14 16:08:31,818 [INFO] CodeEngine:255 - oldGeneratedFile, C:\Users\user\source\repos\STM32\test01\Core\Inc\main.h_save
2024-11-14 16:08:31,854 [INFO] CodeEngine:279 - Generated code: C:\Users\user\source\repos\STM32\test01\Core\Inc\main.h
2024-11-14 16:08:31,858 [INFO] CodeEngine:255 - oldGeneratedFile, C:\Users\user\source\repos\STM32\test01\Core\Src\main.c_save
2024-11-14 16:08:31,905 [INFO] CodeEngine:279 - Generated code: C:\Users\user\source\repos\STM32\test01\Core\Src\main.c
2024-11-14 16:08:32,209 [INFO] ProjectBuilder:3076 - Time for Copy HAL[1] : 110mS.
2024-11-14 16:08:32,212 [INFO] ProjectBuilder:4485 - Project Generator version: 4.2.0-B44
2024-11-14 16:08:32,319 [INFO] ConfigFileManager:1495 - The Die is : DIE431
2024-11-14 16:08:33,000 [INFO] ProjectBuilder:4747 - Time for Generating toolchain IDE Files: 788mS.
2024-11-14 16:08:33,000 [INFO] ProjectBuilder:2947 - Time for Copy CMSIS : 0mS.
2024-11-14 16:08:33,003 [INFO] ProjectBuilder:2947 - Time for Copy CMSIS : 0mS.
2024-11-14 16:11:21,944 [INFO] Gpio:277 - dependency for GPIO [RCC, SYS, USART2]
2024-11-14 16:11:23,958 [INFO] UtilMem:75 - End SaveConfig() Used Memory: 838456368 Bytes (1073741824)
2024-11-14 16:11:27,340 [INFO] UtilMem:75 - End SaveConfig() Used Memory: 856808496 Bytes (1073741824)
2024-11-14 16:11:28,940 [INFO] UtilMem:75 - End SaveConfig() Used Memory: 698306888 Bytes (1073741824)
2024-11-14 16:11:29,047 [INFO] BlockDiagram:2759 - set Specific Code input for plugin: NVIC
2024-11-14 16:11:29,047 [INFO] BlockDiagram:2759 - set Specific Code input for plugin: USART
2024-11-14 16:11:29,047 [INFO] BlockDiagram:2759 - set Specific Code input for plugin: SYS
2024-11-14 16:11:29,047 [INFO] BlockDiagram:2759 - set Specific Code input for plugin: GPIO
2024-11-14 16:11:29,047 [INFO] BlockDiagram:2759 - set Specific Code input for plugin: RCC
2024-11-14 16:11:29,048 [INFO] CodeGenerator:807 - code generatio: config db path: C:\ST\STM32CubeIDE_1.14.1\STM32CubeIDE\plugins\com.st.stm32cube.common.mx_6.10.0.202311202037\\db\
2024-11-14 16:11:29,131 [INFO] CodeEngine:255 - oldGeneratedFile, C:\Users\user\source\repos\STM32\test01\MXTmpFiles\license.tmp_save
2024-11-14 16:11:29,162 [INFO] CodeEngine:279 - Generated code: C:\Users\user\source\repos\STM32\test01\MXTmpFiles\license.tmp
2024-11-14 16:11:29,170 [INFO] CodeEngine:255 - oldGeneratedFile, C:\Users\user\source\repos\STM32\test01\MXTmpFiles\gpio.tmp_save
2024-11-14 16:11:29,198 [INFO] CodeEngine:279 - Generated code: C:\Users\user\source\repos\STM32\test01\MXTmpFiles\gpio.tmp
2024-11-14 16:11:29,216 [INFO] CodeEngine:255 - oldGeneratedFile, C:\Users\user\source\repos\STM32\test01\Core\Src\stm32f4xx_it.c_save
2024-11-14 16:11:29,253 [INFO] CodeEngine:279 - Generated code: C:\Users\user\source\repos\STM32\test01\Core\Src\stm32f4xx_it.c
2024-11-14 16:11:29,257 [INFO] CodeEngine:255 - oldGeneratedFile, C:\Users\user\source\repos\STM32\test01\Core\Inc\stm32f4xx_it.h_save
2024-11-14 16:11:29,287 [INFO] CodeEngine:279 - Generated code: C:\Users\user\source\repos\STM32\test01\Core\Inc\stm32f4xx_it.h
2024-11-14 16:11:29,295 [INFO] CodeEngine:255 - oldGeneratedFile, C:\Users\user\source\repos\STM32\test01\Core\Src\stm32f4xx_hal_msp.c_save
2024-11-14 16:11:29,348 [INFO] CodeEngine:279 - Generated code: C:\Users\user\source\repos\STM32\test01\Core\Src\stm32f4xx_hal_msp.c
2024-11-14 16:11:29,351 [INFO] CodeEngine:255 - oldGeneratedFile, C:\Users\user\source\repos\STM32\test01\MXTmpFiles\system.tmp_save
2024-11-14 16:11:29,376 [INFO] CodeEngine:279 - Generated code: C:\Users\user\source\repos\STM32\test01\MXTmpFiles\system.tmp
2024-11-14 16:11:29,384 [INFO] CodeEngine:311 - oldGeneratedFile, C:\Users\user\source\repos\STM32\test01\Core\Inc\stm32f4xx_hal_conf.h_save
2024-11-14 16:11:29,414 [INFO] CodeEngine:335 - Generated code: C:\Users\user\source\repos\STM32\test01\Core\Inc\stm32f4xx_hal_conf.h
2024-11-14 16:11:29,427 [INFO] CodeEngine:255 - oldGeneratedFile, C:\Users\user\source\repos\STM32\test01\Core\Inc\main.h_save
2024-11-14 16:11:29,466 [INFO] CodeEngine:279 - Generated code: C:\Users\user\source\repos\STM32\test01\Core\Inc\main.h
2024-11-14 16:11:29,471 [INFO] CodeEngine:255 - oldGeneratedFile, C:\Users\user\source\repos\STM32\test01\Core\Src\main.c_save
2024-11-14 16:11:29,514 [INFO] CodeEngine:279 - Generated code: C:\Users\user\source\repos\STM32\test01\Core\Src\main.c
2024-11-14 16:11:29,806 [INFO] ProjectBuilder:3076 - Time for Copy HAL[1] : 107mS.
2024-11-14 16:11:29,808 [INFO] ProjectBuilder:4485 - Project Generator version: 4.2.0-B44
2024-11-14 16:11:29,934 [INFO] ConfigFileManager:1495 - The Die is : DIE431
2024-11-14 16:11:30,594 [INFO] ProjectBuilder:4747 - Time for Generating toolchain IDE Files: 785mS.
2024-11-14 16:11:30,594 [INFO] ProjectBuilder:2947 - Time for Copy CMSIS : 0mS.
2024-11-14 16:11:30,601 [INFO] ProjectBuilder:2947 - Time for Copy CMSIS : 0mS.
2024-11-14 16:33:54,031 [INFO] Gpio:277 - dependency for GPIO [RCC, SYS, USART2]
2024-11-14 16:33:54,044 [INFO] NvicIntPanel:101 - NVIC parent = com.st.microxplorer.plugins.ip.nvic.MultiNvicIntPanel[,0,0,0x0,invalid,layout=javax.swing.BoxLayout,alignmentX=0.0,alignmentY=0.0,border=,flags=9,maximumSize=,minimumSize=,preferredSize=]
2024-11-14 16:34:11,640 [INFO] Gpio:277 - dependency for GPIO [RCC, SYS, USART2]
2024-11-14 16:34:17,415 [INFO] Gpio:277 - dependency for GPIO [RCC, SYS, USART2]
2024-11-14 16:34:19,390 [INFO] UtilMem:75 - End SaveConfig() Used Memory: 848921584 Bytes (1073741824)
2024-11-14 16:34:20,029 [INFO] UtilMem:75 - End SaveConfig() Used Memory: 866934392 Bytes (1073741824)
2024-11-14 16:34:21,859 [INFO] UtilMem:75 - End SaveConfig() Used Memory: 933317464 Bytes (1073741824)
2024-11-14 16:34:21,962 [INFO] BlockDiagram:2759 - set Specific Code input for plugin: NVIC
2024-11-14 16:34:21,962 [INFO] BlockDiagram:2759 - set Specific Code input for plugin: USART
2024-11-14 16:34:21,962 [INFO] BlockDiagram:2759 - set Specific Code input for plugin: SYS
2024-11-14 16:34:21,962 [INFO] BlockDiagram:2759 - set Specific Code input for plugin: GPIO
2024-11-14 16:34:21,962 [INFO] BlockDiagram:2759 - set Specific Code input for plugin: RCC
2024-11-14 16:34:21,963 [INFO] CodeGenerator:807 - code generatio: config db path: C:\ST\STM32CubeIDE_1.14.1\STM32CubeIDE\plugins\com.st.stm32cube.common.mx_6.10.0.202311202037\\db\
2024-11-14 16:34:22,029 [INFO] CodeEngine:255 - oldGeneratedFile, C:\Users\user\source\repos\STM32\test01\MXTmpFiles\license.tmp_save
2024-11-14 16:34:22,068 [INFO] CodeEngine:279 - Generated code: C:\Users\user\source\repos\STM32\test01\MXTmpFiles\license.tmp
2024-11-14 16:34:22,079 [INFO] CodeEngine:255 - oldGeneratedFile, C:\Users\user\source\repos\STM32\test01\MXTmpFiles\gpio.tmp_save
2024-11-14 16:34:22,131 [INFO] CodeEngine:279 - Generated code: C:\Users\user\source\repos\STM32\test01\MXTmpFiles\gpio.tmp
2024-11-14 16:34:22,153 [INFO] CodeEngine:255 - oldGeneratedFile, C:\Users\user\source\repos\STM32\test01\Core\Src\stm32f4xx_it.c_save
2024-11-14 16:34:22,221 [INFO] CodeEngine:279 - Generated code: C:\Users\user\source\repos\STM32\test01\Core\Src\stm32f4xx_it.c
2024-11-14 16:34:22,225 [INFO] CodeEngine:255 - oldGeneratedFile, C:\Users\user\source\repos\STM32\test01\Core\Inc\stm32f4xx_it.h_save
2024-11-14 16:34:22,265 [INFO] CodeEngine:279 - Generated code: C:\Users\user\source\repos\STM32\test01\Core\Inc\stm32f4xx_it.h
2024-11-14 16:34:22,272 [INFO] CodeEngine:255 - oldGeneratedFile, C:\Users\user\source\repos\STM32\test01\Core\Src\stm32f4xx_hal_msp.c_save
2024-11-14 16:34:22,314 [INFO] CodeEngine:279 - Generated code: C:\Users\user\source\repos\STM32\test01\Core\Src\stm32f4xx_hal_msp.c
2024-11-14 16:34:22,317 [INFO] CodeEngine:255 - oldGeneratedFile, C:\Users\user\source\repos\STM32\test01\MXTmpFiles\system.tmp_save
2024-11-14 16:34:22,343 [INFO] CodeEngine:279 - Generated code: C:\Users\user\source\repos\STM32\test01\MXTmpFiles\system.tmp
2024-11-14 16:34:22,349 [INFO] CodeEngine:311 - oldGeneratedFile, C:\Users\user\source\repos\STM32\test01\Core\Inc\stm32f4xx_hal_conf.h_save
2024-11-14 16:34:22,380 [INFO] CodeEngine:335 - Generated code: C:\Users\user\source\repos\STM32\test01\Core\Inc\stm32f4xx_hal_conf.h
2024-11-14 16:34:22,402 [INFO] CodeEngine:255 - oldGeneratedFile, C:\Users\user\source\repos\STM32\test01\Core\Inc\main.h_save
2024-11-14 16:34:22,437 [INFO] CodeEngine:279 - Generated code: C:\Users\user\source\repos\STM32\test01\Core\Inc\main.h
2024-11-14 16:34:22,441 [INFO] CodeEngine:255 - oldGeneratedFile, C:\Users\user\source\repos\STM32\test01\Core\Src\main.c_save
2024-11-14 16:34:22,484 [INFO] CodeEngine:279 - Generated code: C:\Users\user\source\repos\STM32\test01\Core\Src\main.c
2024-11-14 16:34:22,783 [INFO] ProjectBuilder:3076 - Time for Copy HAL[1] : 107mS.
2024-11-14 16:34:22,785 [INFO] ProjectBuilder:4485 - Project Generator version: 4.2.0-B44
2024-11-14 16:34:22,910 [INFO] ConfigFileManager:1495 - The Die is : DIE431
2024-11-14 16:34:23,569 [INFO] ProjectBuilder:4747 - Time for Generating toolchain IDE Files: 784mS.
2024-11-14 16:34:23,569 [INFO] ProjectBuilder:2947 - Time for Copy CMSIS : 0mS.
2024-11-14 16:34:23,572 [INFO] ProjectBuilder:2947 - Time for Copy CMSIS : 0mS.
2024-11-14 16:53:14,864 [ERROR] LogOutputStream:75 - [STDERR_REDIRECT] 
